{"C:\\Users\\iurato\\Downloads\\tradeportal-2025-platinum\\convex\\logger.ts": {"path":"C:\\Users\\iurato\\Downloads\\tradeportal-2025-platinum\\convex\\logger.ts","statementMap":{"0":{"start":{"line":1,"column":14},"end":{"line":1,"column":null}},"1":{"start":{"line":3,"column":15},"end":{"line":16,"column":null}},"2":{"start":{"line":5,"column":4},"end":{"line":5,"column":null}},"3":{"start":{"line":5,"column":15},"end":{"line":5,"column":null}},"4":{"start":{"line":8,"column":4},"end":{"line":8,"column":null}},"5":{"start":{"line":8,"column":15},"end":{"line":8,"column":null}},"6":{"start":{"line":11,"column":4},"end":{"line":11,"column":null}},"7":{"start":{"line":11,"column":15},"end":{"line":11,"column":null}},"8":{"start":{"line":14,"column":4},"end":{"line":14,"column":null}},"9":{"start":{"line":14,"column":15},"end":{"line":14,"column":null}}},"fnMap":{"0":{"name":"(anonymous_0)","decl":{"start":{"line":4,"column":9},"end":{"line":4,"column":13}},"loc":{"start":{"line":4,"column":33},"end":{"line":6,"column":null}},"line":4},"1":{"name":"(anonymous_1)","decl":{"start":{"line":7,"column":8},"end":{"line":7,"column":12}},"loc":{"start":{"line":7,"column":32},"end":{"line":9,"column":null}},"line":7},"2":{"name":"(anonymous_2)","decl":{"start":{"line":10,"column":8},"end":{"line":10,"column":12}},"loc":{"start":{"line":10,"column":32},"end":{"line":12,"column":null}},"line":10},"3":{"name":"(anonymous_3)","decl":{"start":{"line":13,"column":9},"end":{"line":13,"column":13}},"loc":{"start":{"line":13,"column":33},"end":{"line":15,"column":null}},"line":13}},"branchMap":{"0":{"loc":{"start":{"line":5,"column":4},"end":{"line":5,"column":null}},"type":"if","locations":[{"start":{"line":5,"column":4},"end":{"line":5,"column":null}},{"start":{},"end":{}}],"line":5},"1":{"loc":{"start":{"line":8,"column":4},"end":{"line":8,"column":null}},"type":"if","locations":[{"start":{"line":8,"column":4},"end":{"line":8,"column":null}},{"start":{},"end":{}}],"line":8},"2":{"loc":{"start":{"line":11,"column":4},"end":{"line":11,"column":null}},"type":"if","locations":[{"start":{"line":11,"column":4},"end":{"line":11,"column":null}},{"start":{},"end":{}}],"line":11},"3":{"loc":{"start":{"line":14,"column":4},"end":{"line":14,"column":null}},"type":"if","locations":[{"start":{"line":14,"column":4},"end":{"line":14,"column":null}},{"start":{},"end":{}}],"line":14}},"s":{"0":1,"1":1,"2":0,"3":0,"4":0,"5":0,"6":0,"7":0,"8":0,"9":0},"f":{"0":0,"1":0,"2":0,"3":0},"b":{"0":[0,0],"1":[0,0],"2":[0,0],"3":[0,0]},"meta":{"lastBranch":4,"lastFunction":4,"lastStatement":10,"seen":{"s:1:14:1:Infinity":0,"s:3:15:16:Infinity":1,"f:4:9:4:13":0,"b:5:4:5:Infinity:undefined:undefined:undefined:undefined":0,"s:5:4:5:Infinity":2,"s:5:15:5:Infinity":3,"f:7:8:7:12":1,"b:8:4:8:Infinity:undefined:undefined:undefined:undefined":1,"s:8:4:8:Infinity":4,"s:8:15:8:Infinity":5,"f:10:8:10:12":2,"b:11:4:11:Infinity:undefined:undefined:undefined:undefined":2,"s:11:4:11:Infinity":6,"s:11:15:11:Infinity":7,"f:13:9:13:13":3,"b:14:4:14:Infinity:undefined:undefined:undefined:undefined":3,"s:14:4:14:Infinity":8,"s:14:15:14:Infinity":9}}}
,"C:\\Users\\iurato\\Downloads\\tradeportal-2025-platinum\\convex\\_generated\\api.js": {"path":"C:\\Users\\iurato\\Downloads\\tradeportal-2025-platinum\\convex\\_generated\\api.js","statementMap":{"0":{"start":{"line":21,"column":19},"end":{"line":21,"column":25}},"1":{"start":{"line":22,"column":24},"end":{"line":22,"column":30}},"2":{"start":{"line":23,"column":25},"end":{"line":23,"column":45}}},"fnMap":{},"branchMap":{},"s":{"0":1,"1":1,"2":1},"f":{},"b":{},"meta":{"lastBranch":0,"lastFunction":0,"lastStatement":3,"seen":{"s:21:19:21:25":0,"s:22:24:22:30":1,"s:23:25:23:45":2}}}
,"C:\\Users\\iurato\\Downloads\\tradeportal-2025-platinum\\convex\\lib\\achievements.ts": {"path":"C:\\Users\\iurato\\Downloads\\tradeportal-2025-platinum\\convex\\lib\\achievements.ts","statementMap":{"0":{"start":{"line":20,"column":43},"end":{"line":149,"column":null}},"1":{"start":{"line":27,"column":22},"end":{"line":27,"column":null}},"2":{"start":{"line":35,"column":22},"end":{"line":35,"column":null}},"3":{"start":{"line":43,"column":22},"end":{"line":43,"column":null}},"4":{"start":{"line":51,"column":22},"end":{"line":51,"column":null}},"5":{"start":{"line":59,"column":22},"end":{"line":59,"column":null}},"6":{"start":{"line":67,"column":22},"end":{"line":67,"column":null}},"7":{"start":{"line":75,"column":22},"end":{"line":75,"column":null}},"8":{"start":{"line":83,"column":22},"end":{"line":83,"column":null}},"9":{"start":{"line":91,"column":22},"end":{"line":91,"column":null}},"10":{"start":{"line":99,"column":22},"end":{"line":99,"column":null}},"11":{"start":{"line":107,"column":22},"end":{"line":107,"column":null}},"12":{"start":{"line":115,"column":22},"end":{"line":115,"column":null}},"13":{"start":{"line":123,"column":22},"end":{"line":123,"column":null}},"14":{"start":{"line":131,"column":22},"end":{"line":131,"column":null}},"15":{"start":{"line":139,"column":22},"end":{"line":139,"column":null}},"16":{"start":{"line":147,"column":22},"end":{"line":147,"column":null}},"17":{"start":{"line":151,"column":25},"end":{"line":159,"column":null}},"18":{"start":{"line":161,"column":22},"end":{"line":168,"column":null}},"19":{"start":{"line":171,"column":21},"end":{"line":171,"column":null}},"20":{"start":{"line":172,"column":18},"end":{"line":172,"column":null}},"21":{"start":{"line":174,"column":2},"end":{"line":180,"column":null}},"22":{"start":{"line":174,"column":15},"end":{"line":174,"column":34}},"23":{"start":{"line":175,"column":4},"end":{"line":179,"column":null}},"24":{"start":{"line":176,"column":6},"end":{"line":176,"column":null}},"25":{"start":{"line":177,"column":6},"end":{"line":177,"column":null}},"26":{"start":{"line":178,"column":6},"end":{"line":178,"column":null}},"27":{"start":{"line":182,"column":28},"end":{"line":182,"column":null}},"28":{"start":{"line":183,"column":19},"end":{"line":183,"column":null}},"29":{"start":{"line":184,"column":19},"end":{"line":184,"column":null}},"30":{"start":{"line":186,"column":2},"end":{"line":193,"column":null}},"31":{"start":{"line":197,"column":2},"end":{"line":197,"column":null}},"32":{"start":{"line":197,"column":34},"end":{"line":197,"column":45}}},"fnMap":{"0":{"name":"(anonymous_0)","decl":{"start":{"line":27,"column":15},"end":{"line":27,"column":16}},"loc":{"start":{"line":27,"column":22},"end":{"line":27,"column":null}},"line":27},"1":{"name":"(anonymous_1)","decl":{"start":{"line":35,"column":15},"end":{"line":35,"column":16}},"loc":{"start":{"line":35,"column":22},"end":{"line":35,"column":null}},"line":35},"2":{"name":"(anonymous_2)","decl":{"start":{"line":43,"column":15},"end":{"line":43,"column":16}},"loc":{"start":{"line":43,"column":22},"end":{"line":43,"column":null}},"line":43},"3":{"name":"(anonymous_3)","decl":{"start":{"line":51,"column":15},"end":{"line":51,"column":16}},"loc":{"start":{"line":51,"column":22},"end":{"line":51,"column":null}},"line":51},"4":{"name":"(anonymous_4)","decl":{"start":{"line":59,"column":15},"end":{"line":59,"column":16}},"loc":{"start":{"line":59,"column":22},"end":{"line":59,"column":null}},"line":59},"5":{"name":"(anonymous_5)","decl":{"start":{"line":67,"column":15},"end":{"line":67,"column":16}},"loc":{"start":{"line":67,"column":22},"end":{"line":67,"column":null}},"line":67},"6":{"name":"(anonymous_6)","decl":{"start":{"line":75,"column":15},"end":{"line":75,"column":16}},"loc":{"start":{"line":75,"column":22},"end":{"line":75,"column":null}},"line":75},"7":{"name":"(anonymous_7)","decl":{"start":{"line":83,"column":15},"end":{"line":83,"column":16}},"loc":{"start":{"line":83,"column":22},"end":{"line":83,"column":null}},"line":83},"8":{"name":"(anonymous_8)","decl":{"start":{"line":91,"column":15},"end":{"line":91,"column":16}},"loc":{"start":{"line":91,"column":22},"end":{"line":91,"column":null}},"line":91},"9":{"name":"(anonymous_9)","decl":{"start":{"line":99,"column":15},"end":{"line":99,"column":16}},"loc":{"start":{"line":99,"column":22},"end":{"line":99,"column":null}},"line":99},"10":{"name":"(anonymous_10)","decl":{"start":{"line":107,"column":15},"end":{"line":107,"column":16}},"loc":{"start":{"line":107,"column":22},"end":{"line":107,"column":null}},"line":107},"11":{"name":"(anonymous_11)","decl":{"start":{"line":115,"column":15},"end":{"line":115,"column":16}},"loc":{"start":{"line":115,"column":22},"end":{"line":115,"column":null}},"line":115},"12":{"name":"(anonymous_12)","decl":{"start":{"line":123,"column":15},"end":{"line":123,"column":16}},"loc":{"start":{"line":123,"column":22},"end":{"line":123,"column":null}},"line":123},"13":{"name":"(anonymous_13)","decl":{"start":{"line":131,"column":15},"end":{"line":131,"column":16}},"loc":{"start":{"line":131,"column":22},"end":{"line":131,"column":null}},"line":131},"14":{"name":"(anonymous_14)","decl":{"start":{"line":139,"column":15},"end":{"line":139,"column":16}},"loc":{"start":{"line":139,"column":22},"end":{"line":139,"column":null}},"line":139},"15":{"name":"(anonymous_15)","decl":{"start":{"line":147,"column":15},"end":{"line":147,"column":16}},"loc":{"start":{"line":147,"column":22},"end":{"line":147,"column":null}},"line":147},"16":{"name":"getLevelFromXP","decl":{"start":{"line":170,"column":16},"end":{"line":170,"column":31}},"loc":{"start":{"line":170,"column":43},"end":{"line":194,"column":null}},"line":170},"17":{"name":"getAchievementById","decl":{"start":{"line":196,"column":16},"end":{"line":196,"column":35}},"loc":{"start":{"line":196,"column":72},"end":{"line":198,"column":null}},"line":196},"18":{"name":"(anonymous_18)","decl":{"start":{"line":197,"column":27},"end":{"line":197,"column":28}},"loc":{"start":{"line":197,"column":34},"end":{"line":197,"column":45}},"line":197}},"branchMap":{"0":{"loc":{"start":{"line":175,"column":4},"end":{"line":179,"column":null}},"type":"if","locations":[{"start":{"line":175,"column":4},"end":{"line":179,"column":null}},{"start":{},"end":{}}],"line":175},"1":{"loc":{"start":{"line":177,"column":18},"end":{"line":177,"column":null}},"type":"binary-expr","locations":[{"start":{"line":177,"column":18},"end":{"line":177,"column":35}},{"start":{"line":177,"column":35},"end":{"line":177,"column":null}}],"line":177},"2":{"loc":{"start":{"line":184,"column":19},"end":{"line":184,"column":null}},"type":"cond-expr","locations":[{"start":{"line":184,"column":60},"end":{"line":184,"column":66}},{"start":{"line":184,"column":66},"end":{"line":184,"column":null}}],"line":184}},"s":{"0":1,"1":2,"2":2,"3":1,"4":2,"5":2,"6":2,"7":2,"8":1,"9":2,"10":1,"11":1,"12":2,"13":1,"14":1,"15":1,"16":0,"17":1,"18":1,"19":10,"20":10,"21":10,"22":10,"23":38,"24":10,"25":10,"26":10,"27":10,"28":10,"29":10,"30":10,"31":19,"32":148},"f":{"0":2,"1":2,"2":1,"3":2,"4":2,"5":2,"6":2,"7":1,"8":2,"9":1,"10":1,"11":2,"12":1,"13":1,"14":1,"15":0,"16":10,"17":19,"18":148},"b":{"0":[10,28],"1":[10,2],"2":[2,8]},"meta":{"lastBranch":3,"lastFunction":19,"lastStatement":33,"seen":{"s:20:43:149:Infinity":0,"f:27:15:27:16":0,"s:27:22:27:Infinity":1,"f:35:15:35:16":1,"s:35:22:35:Infinity":2,"f:43:15:43:16":2,"s:43:22:43:Infinity":3,"f:51:15:51:16":3,"s:51:22:51:Infinity":4,"f:59:15:59:16":4,"s:59:22:59:Infinity":5,"f:67:15:67:16":5,"s:67:22:67:Infinity":6,"f:75:15:75:16":6,"s:75:22:75:Infinity":7,"f:83:15:83:16":7,"s:83:22:83:Infinity":8,"f:91:15:91:16":8,"s:91:22:91:Infinity":9,"f:99:15:99:16":9,"s:99:22:99:Infinity":10,"f:107:15:107:16":10,"s:107:22:107:Infinity":11,"f:115:15:115:16":11,"s:115:22:115:Infinity":12,"f:123:15:123:16":12,"s:123:22:123:Infinity":13,"f:131:15:131:16":13,"s:131:22:131:Infinity":14,"f:139:15:139:16":14,"s:139:22:139:Infinity":15,"f:147:15:147:16":15,"s:147:22:147:Infinity":16,"s:151:25:159:Infinity":17,"s:161:22:168:Infinity":18,"f:170:16:170:31":16,"s:171:21:171:Infinity":19,"s:172:18:172:Infinity":20,"s:174:2:180:Infinity":21,"s:174:15:174:34":22,"b:175:4:179:Infinity:undefined:undefined:undefined:undefined":0,"s:175:4:179:Infinity":23,"s:176:6:176:Infinity":24,"s:177:6:177:Infinity":25,"b:177:18:177:35:177:35:177:Infinity":1,"s:178:6:178:Infinity":26,"s:182:28:182:Infinity":27,"s:183:19:183:Infinity":28,"s:184:19:184:Infinity":29,"b:184:60:184:66:184:66:184:Infinity":2,"s:186:2:193:Infinity":30,"f:196:16:196:35":17,"s:197:2:197:Infinity":31,"f:197:27:197:28":18,"s:197:34:197:45":32}}}
,"C:\\Users\\iurato\\Downloads\\tradeportal-2025-platinum\\convex\\lib\\mercadopago.ts": {"path":"C:\\Users\\iurato\\Downloads\\tradeportal-2025-platinum\\convex\\lib\\mercadopago.ts","statementMap":{"0":{"start":{"line":3,"column":33},"end":{"line":3,"column":null}},"1":{"start":{"line":4,"column":22},"end":{"line":4,"column":null}},"2":{"start":{"line":5,"column":20},"end":{"line":5,"column":null}},"3":{"start":{"line":6,"column":20},"end":{"line":6,"column":null}},"4":{"start":{"line":7,"column":21},"end":{"line":7,"column":null}},"5":{"start":{"line":8,"column":36},"end":{"line":8,"column":null}},"6":{"start":{"line":10,"column":17},"end":{"line":10,"column":null}},"7":{"start":{"line":48,"column":2},"end":{"line":48,"column":null}},"8":{"start":{"line":52,"column":19},"end":{"line":59,"column":null}},"9":{"start":{"line":61,"column":15},"end":{"line":61,"column":null}},"10":{"start":{"line":63,"column":2},"end":{"line":65,"column":null}},"11":{"start":{"line":64,"column":4},"end":{"line":64,"column":null}},"12":{"start":{"line":67,"column":2},"end":{"line":67,"column":null}},"13":{"start":{"line":77,"column":4},"end":{"line":82,"column":null}},"14":{"start":{"line":78,"column":6},"end":{"line":81,"column":null}},"15":{"start":{"line":84,"column":4},"end":{"line":107,"column":null}},"16":{"start":{"line":85,"column":21},"end":{"line":95,"column":null}},"17":{"start":{"line":97,"column":6},"end":{"line":101,"column":null}},"18":{"start":{"line":103,"column":6},"end":{"line":106,"column":null}},"19":{"start":{"line":118,"column":4},"end":{"line":123,"column":null}},"20":{"start":{"line":119,"column":6},"end":{"line":122,"column":null}},"21":{"start":{"line":125,"column":4},"end":{"line":163,"column":null}},"22":{"start":{"line":126,"column":21},"end":{"line":151,"column":null}},"23":{"start":{"line":153,"column":6},"end":{"line":156,"column":null}},"24":{"start":{"line":158,"column":6},"end":{"line":158,"column":null}},"25":{"start":{"line":159,"column":6},"end":{"line":162,"column":null}},"26":{"start":{"line":172,"column":4},"end":{"line":177,"column":null}},"27":{"start":{"line":173,"column":6},"end":{"line":176,"column":null}},"28":{"start":{"line":179,"column":4},"end":{"line":207,"column":null}},"29":{"start":{"line":180,"column":21},"end":{"line":195,"column":null}},"30":{"start":{"line":197,"column":6},"end":{"line":201,"column":null}},"31":{"start":{"line":203,"column":6},"end":{"line":206,"column":null}},"32":{"start":{"line":216,"column":4},"end":{"line":218,"column":null}},"33":{"start":{"line":217,"column":6},"end":{"line":217,"column":null}},"34":{"start":{"line":220,"column":4},"end":{"line":249,"column":null}},"35":{"start":{"line":221,"column":23},"end":{"line":228,"column":null}},"36":{"start":{"line":230,"column":21},"end":{"line":230,"column":null}},"37":{"start":{"line":232,"column":6},"end":{"line":243,"column":null}},"38":{"start":{"line":233,"column":8},"end":{"line":237,"column":null}},"39":{"start":{"line":239,"column":8},"end":{"line":242,"column":null}},"40":{"start":{"line":245,"column":6},"end":{"line":248,"column":null}},"41":{"start":{"line":257,"column":4},"end":{"line":259,"column":null}},"42":{"start":{"line":258,"column":6},"end":{"line":258,"column":null}},"43":{"start":{"line":261,"column":4},"end":{"line":289,"column":null}},"44":{"start":{"line":262,"column":23},"end":{"line":269,"column":null}},"45":{"start":{"line":271,"column":21},"end":{"line":271,"column":null}},"46":{"start":{"line":273,"column":6},"end":{"line":283,"column":null}},"47":{"start":{"line":274,"column":8},"end":{"line":277,"column":null}},"48":{"start":{"line":279,"column":8},"end":{"line":282,"column":null}},"49":{"start":{"line":285,"column":6},"end":{"line":288,"column":null}},"50":{"start":{"line":298,"column":4},"end":{"line":303,"column":null}},"51":{"start":{"line":299,"column":6},"end":{"line":302,"column":null}},"52":{"start":{"line":305,"column":44},"end":{"line":309,"column":null}},"53":{"start":{"line":311,"column":19},"end":{"line":311,"column":null}},"54":{"start":{"line":313,"column":4},"end":{"line":318,"column":null}},"55":{"start":{"line":314,"column":6},"end":{"line":317,"column":null}},"56":{"start":{"line":320,"column":4},"end":{"line":338,"column":null}},"57":{"start":{"line":321,"column":21},"end":{"line":326,"column":null}},"58":{"start":{"line":328,"column":6},"end":{"line":332,"column":null}},"59":{"start":{"line":334,"column":6},"end":{"line":337,"column":null}},"60":{"start":{"line":342,"column":4},"end":{"line":344,"column":null}},"61":{"start":{"line":343,"column":6},"end":{"line":343,"column":null}},"62":{"start":{"line":346,"column":4},"end":{"line":354,"column":null}},"63":{"start":{"line":347,"column":6},"end":{"line":347,"column":null}},"64":{"start":{"line":348,"column":6},"end":{"line":348,"column":null}},"65":{"start":{"line":350,"column":6},"end":{"line":353,"column":null}},"66":{"start":{"line":358,"column":4},"end":{"line":358,"column":null}},"67":{"start":{"line":362,"column":4},"end":{"line":367,"column":null}},"68":{"start":{"line":367,"column":24},"end":{"line":367,"column":41}},"69":{"start":{"line":371,"column":35},"end":{"line":371,"column":null}}},"fnMap":{"0":{"name":"isConfigured","decl":{"start":{"line":47,"column":9},"end":{"line":47,"column":33}},"loc":{"start":{"line":47,"column":33},"end":{"line":49,"column":null}},"line":47},"1":{"name":"mpFetch","decl":{"start":{"line":51,"column":15},"end":{"line":51,"column":23}},"loc":{"start":{"line":51,"column":66},"end":{"line":68,"column":null}},"line":51},"2":{"name":"(anonymous_2)","decl":{"start":{"line":71,"column":8},"end":{"line":71,"column":23}},"loc":{"start":{"line":76,"column":5},"end":{"line":108,"column":null}},"line":76},"3":{"name":"(anonymous_3)","decl":{"start":{"line":110,"column":8},"end":{"line":110,"column":25}},"loc":{"start":{"line":117,"column":50},"end":{"line":164,"column":null}},"line":117},"4":{"name":"(anonymous_4)","decl":{"start":{"line":166,"column":8},"end":{"line":166,"column":20}},"loc":{"start":{"line":171,"column":5},"end":{"line":208,"column":null}},"line":171},"5":{"name":"(anonymous_5)","decl":{"start":{"line":210,"column":8},"end":{"line":210,"column":25}},"loc":{"start":{"line":215,"column":5},"end":{"line":250,"column":null}},"line":215},"6":{"name":"(anonymous_6)","decl":{"start":{"line":252,"column":8},"end":{"line":252,"column":23}},"loc":{"start":{"line":256,"column":5},"end":{"line":290,"column":null}},"line":256},"7":{"name":"(anonymous_7)","decl":{"start":{"line":292,"column":8},"end":{"line":292,"column":27}},"loc":{"start":{"line":297,"column":5},"end":{"line":339,"column":null}},"line":297},"8":{"name":"(anonymous_8)","decl":{"start":{"line":341,"column":8},"end":{"line":341,"column":22}},"loc":{"start":{"line":341,"column":88},"end":{"line":355,"column":null}},"line":341},"9":{"name":"(anonymous_9)","decl":{"start":{"line":357,"column":8},"end":{"line":357,"column":40}},"loc":{"start":{"line":357,"column":40},"end":{"line":359,"column":null}},"line":357},"10":{"name":"(anonymous_10)","decl":{"start":{"line":361,"column":2},"end":{"line":361,"column":22}},"loc":{"start":{"line":361,"column":76},"end":{"line":368,"column":null}},"line":361},"11":{"name":"(anonymous_11)","decl":{"start":{"line":367,"column":12},"end":{"line":367,"column":13}},"loc":{"start":{"line":367,"column":24},"end":{"line":367,"column":41}},"line":367}},"branchMap":{"0":{"loc":{"start":{"line":3,"column":33},"end":{"line":3,"column":null}},"type":"binary-expr","locations":[{"start":{"line":3,"column":33},"end":{"line":3,"column":73}},{"start":{"line":3,"column":73},"end":{"line":3,"column":null}}],"line":3},"1":{"loc":{"start":{"line":4,"column":22},"end":{"line":4,"column":null}},"type":"binary-expr","locations":[{"start":{"line":4,"column":22},"end":{"line":4,"column":51}},{"start":{"line":4,"column":51},"end":{"line":4,"column":null}}],"line":4},"2":{"loc":{"start":{"line":5,"column":20},"end":{"line":5,"column":null}},"type":"binary-expr","locations":[{"start":{"line":5,"column":20},"end":{"line":5,"column":47}},{"start":{"line":5,"column":47},"end":{"line":5,"column":null}}],"line":5},"3":{"loc":{"start":{"line":6,"column":20},"end":{"line":6,"column":null}},"type":"binary-expr","locations":[{"start":{"line":6,"column":20},"end":{"line":6,"column":47}},{"start":{"line":6,"column":47},"end":{"line":6,"column":null}}],"line":6},"4":{"loc":{"start":{"line":7,"column":21},"end":{"line":7,"column":null}},"type":"binary-expr","locations":[{"start":{"line":7,"column":21},"end":{"line":7,"column":49}},{"start":{"line":7,"column":49},"end":{"line":7,"column":null}}],"line":7},"5":{"loc":{"start":{"line":8,"column":36},"end":{"line":8,"column":null}},"type":"binary-expr","locations":[{"start":{"line":8,"column":36},"end":{"line":8,"column":79}},{"start":{"line":8,"column":79},"end":{"line":8,"column":null}}],"line":8},"6":{"loc":{"start":{"line":63,"column":2},"end":{"line":65,"column":null}},"type":"if","locations":[{"start":{"line":63,"column":2},"end":{"line":65,"column":null}},{"start":{},"end":{}}],"line":63},"7":{"loc":{"start":{"line":64,"column":20},"end":{"line":64,"column":73}},"type":"binary-expr","locations":[{"start":{"line":64,"column":20},"end":{"line":64,"column":36}},{"start":{"line":64,"column":36},"end":{"line":64,"column":50}},{"start":{"line":64,"column":50},"end":{"line":64,"column":73}}],"line":64},"8":{"loc":{"start":{"line":77,"column":4},"end":{"line":82,"column":null}},"type":"if","locations":[{"start":{"line":77,"column":4},"end":{"line":82,"column":null}},{"start":{},"end":{}}],"line":77},"9":{"loc":{"start":{"line":105,"column":15},"end":{"line":105,"column":null}},"type":"binary-expr","locations":[{"start":{"line":105,"column":15},"end":{"line":105,"column":32}},{"start":{"line":105,"column":32},"end":{"line":105,"column":null}}],"line":105},"10":{"loc":{"start":{"line":118,"column":4},"end":{"line":123,"column":null}},"type":"if","locations":[{"start":{"line":118,"column":4},"end":{"line":123,"column":null}},{"start":{},"end":{}}],"line":118},"11":{"loc":{"start":{"line":172,"column":4},"end":{"line":177,"column":null}},"type":"if","locations":[{"start":{"line":172,"column":4},"end":{"line":177,"column":null}},{"start":{},"end":{}}],"line":172},"12":{"loc":{"start":{"line":183,"column":26},"end":{"line":183,"column":null}},"type":"binary-expr","locations":[{"start":{"line":183,"column":26},"end":{"line":183,"column":51}},{"start":{"line":183,"column":51},"end":{"line":183,"column":null}}],"line":183},"13":{"loc":{"start":{"line":205,"column":15},"end":{"line":205,"column":null}},"type":"binary-expr","locations":[{"start":{"line":205,"column":15},"end":{"line":205,"column":32}},{"start":{"line":205,"column":32},"end":{"line":205,"column":null}}],"line":205},"14":{"loc":{"start":{"line":216,"column":4},"end":{"line":218,"column":null}},"type":"if","locations":[{"start":{"line":216,"column":4},"end":{"line":218,"column":null}},{"start":{},"end":{}}],"line":216},"15":{"loc":{"start":{"line":232,"column":6},"end":{"line":243,"column":null}},"type":"if","locations":[{"start":{"line":232,"column":6},"end":{"line":243,"column":null}},{"start":{"line":238,"column":13},"end":{"line":243,"column":null}}],"line":232},"16":{"loc":{"start":{"line":241,"column":17},"end":{"line":241,"column":null}},"type":"binary-expr","locations":[{"start":{"line":241,"column":17},"end":{"line":241,"column":35}},{"start":{"line":241,"column":35},"end":{"line":241,"column":null}}],"line":241},"17":{"loc":{"start":{"line":247,"column":15},"end":{"line":247,"column":null}},"type":"binary-expr","locations":[{"start":{"line":247,"column":15},"end":{"line":247,"column":32}},{"start":{"line":247,"column":32},"end":{"line":247,"column":null}}],"line":247},"18":{"loc":{"start":{"line":257,"column":4},"end":{"line":259,"column":null}},"type":"if","locations":[{"start":{"line":257,"column":4},"end":{"line":259,"column":null}},{"start":{},"end":{}}],"line":257},"19":{"loc":{"start":{"line":273,"column":6},"end":{"line":283,"column":null}},"type":"if","locations":[{"start":{"line":273,"column":6},"end":{"line":283,"column":null}},{"start":{"line":278,"column":13},"end":{"line":283,"column":null}}],"line":273},"20":{"loc":{"start":{"line":281,"column":17},"end":{"line":281,"column":null}},"type":"binary-expr","locations":[{"start":{"line":281,"column":17},"end":{"line":281,"column":35}},{"start":{"line":281,"column":35},"end":{"line":281,"column":null}}],"line":281},"21":{"loc":{"start":{"line":287,"column":15},"end":{"line":287,"column":null}},"type":"binary-expr","locations":[{"start":{"line":287,"column":15},"end":{"line":287,"column":32}},{"start":{"line":287,"column":32},"end":{"line":287,"column":null}}],"line":287},"22":{"loc":{"start":{"line":298,"column":4},"end":{"line":303,"column":null}},"type":"if","locations":[{"start":{"line":298,"column":4},"end":{"line":303,"column":null}},{"start":{},"end":{}}],"line":298},"23":{"loc":{"start":{"line":313,"column":4},"end":{"line":318,"column":null}},"type":"if","locations":[{"start":{"line":313,"column":4},"end":{"line":318,"column":null}},{"start":{},"end":{}}],"line":313},"24":{"loc":{"start":{"line":336,"column":15},"end":{"line":336,"column":null}},"type":"binary-expr","locations":[{"start":{"line":336,"column":15},"end":{"line":336,"column":32}},{"start":{"line":336,"column":32},"end":{"line":336,"column":null}}],"line":336},"25":{"loc":{"start":{"line":342,"column":4},"end":{"line":344,"column":null}},"type":"if","locations":[{"start":{"line":342,"column":4},"end":{"line":344,"column":null}},{"start":{},"end":{}}],"line":342},"26":{"loc":{"start":{"line":352,"column":15},"end":{"line":352,"column":null}},"type":"binary-expr","locations":[{"start":{"line":352,"column":15},"end":{"line":352,"column":32}},{"start":{"line":352,"column":32},"end":{"line":352,"column":null}}],"line":352}},"s":{"0":1,"1":1,"2":1,"3":1,"4":1,"5":1,"6":1,"7":3,"8":0,"9":0,"10":0,"11":0,"12":0,"13":1,"14":1,"15":0,"16":0,"17":0,"18":0,"19":1,"20":1,"21":0,"22":0,"23":0,"24":0,"25":0,"26":0,"27":0,"28":0,"29":0,"30":0,"31":0,"32":0,"33":0,"34":0,"35":0,"36":0,"37":0,"38":0,"39":0,"40":0,"41":0,"42":0,"43":0,"44":0,"45":0,"46":0,"47":0,"48":0,"49":0,"50":1,"51":1,"52":0,"53":0,"54":0,"55":0,"56":0,"57":0,"58":0,"59":0,"60":0,"61":0,"62":0,"63":0,"64":0,"65":0,"66":0,"67":1,"68":1,"69":1},"f":{"0":3,"1":0,"2":1,"3":1,"4":0,"5":0,"6":0,"7":1,"8":0,"9":0,"10":1,"11":1},"b":{"0":[1,1],"1":[1,1],"2":[1,1],"3":[1,1],"4":[1,0],"5":[1,0],"6":[0,0],"7":[0,0,0],"8":[1,0],"9":[0,0],"10":[1,0],"11":[0,0],"12":[0,0],"13":[0,0],"14":[0,0],"15":[0,0],"16":[0,0],"17":[0,0],"18":[0,0],"19":[0,0],"20":[0,0],"21":[0,0],"22":[1,0],"23":[0,0],"24":[0,0],"25":[0,0],"26":[0,0]},"meta":{"lastBranch":27,"lastFunction":12,"lastStatement":70,"seen":{"s:3:33:3:Infinity":0,"b:3:33:3:73:3:73:3:Infinity":0,"s:4:22:4:Infinity":1,"b:4:22:4:51:4:51:4:Infinity":1,"s:5:20:5:Infinity":2,"b:5:20:5:47:5:47:5:Infinity":2,"s:6:20:6:Infinity":3,"b:6:20:6:47:6:47:6:Infinity":3,"s:7:21:7:Infinity":4,"b:7:21:7:49:7:49:7:Infinity":4,"s:8:36:8:Infinity":5,"b:8:36:8:79:8:79:8:Infinity":5,"s:10:17:10:Infinity":6,"f:47:9:47:33":0,"s:48:2:48:Infinity":7,"f:51:15:51:23":1,"s:52:19:59:Infinity":8,"s:61:15:61:Infinity":9,"b:63:2:65:Infinity:undefined:undefined:undefined:undefined":6,"s:63:2:65:Infinity":10,"s:64:4:64:Infinity":11,"b:64:20:64:36:64:36:64:50:64:50:64:73":7,"s:67:2:67:Infinity":12,"f:71:8:71:23":2,"b:77:4:82:Infinity:undefined:undefined:undefined:undefined":8,"s:77:4:82:Infinity":13,"s:78:6:81:Infinity":14,"s:84:4:107:Infinity":15,"s:85:21:95:Infinity":16,"s:97:6:101:Infinity":17,"s:103:6:106:Infinity":18,"b:105:15:105:32:105:32:105:Infinity":9,"f:110:8:110:25":3,"b:118:4:123:Infinity:undefined:undefined:undefined:undefined":10,"s:118:4:123:Infinity":19,"s:119:6:122:Infinity":20,"s:125:4:163:Infinity":21,"s:126:21:151:Infinity":22,"s:153:6:156:Infinity":23,"s:158:6:158:Infinity":24,"s:159:6:162:Infinity":25,"f:166:8:166:20":4,"b:172:4:177:Infinity:undefined:undefined:undefined:undefined":11,"s:172:4:177:Infinity":26,"s:173:6:176:Infinity":27,"s:179:4:207:Infinity":28,"s:180:21:195:Infinity":29,"b:183:26:183:51:183:51:183:Infinity":12,"s:197:6:201:Infinity":30,"s:203:6:206:Infinity":31,"b:205:15:205:32:205:32:205:Infinity":13,"f:210:8:210:25":5,"b:216:4:218:Infinity:undefined:undefined:undefined:undefined":14,"s:216:4:218:Infinity":32,"s:217:6:217:Infinity":33,"s:220:4:249:Infinity":34,"s:221:23:228:Infinity":35,"s:230:21:230:Infinity":36,"b:232:6:243:Infinity:238:13:243:Infinity":15,"s:232:6:243:Infinity":37,"s:233:8:237:Infinity":38,"s:239:8:242:Infinity":39,"b:241:17:241:35:241:35:241:Infinity":16,"s:245:6:248:Infinity":40,"b:247:15:247:32:247:32:247:Infinity":17,"f:252:8:252:23":6,"b:257:4:259:Infinity:undefined:undefined:undefined:undefined":18,"s:257:4:259:Infinity":41,"s:258:6:258:Infinity":42,"s:261:4:289:Infinity":43,"s:262:23:269:Infinity":44,"s:271:21:271:Infinity":45,"b:273:6:283:Infinity:278:13:283:Infinity":19,"s:273:6:283:Infinity":46,"s:274:8:277:Infinity":47,"s:279:8:282:Infinity":48,"b:281:17:281:35:281:35:281:Infinity":20,"s:285:6:288:Infinity":49,"b:287:15:287:32:287:32:287:Infinity":21,"f:292:8:292:27":7,"b:298:4:303:Infinity:undefined:undefined:undefined:undefined":22,"s:298:4:303:Infinity":50,"s:299:6:302:Infinity":51,"s:305:44:309:Infinity":52,"s:311:19:311:Infinity":53,"b:313:4:318:Infinity:undefined:undefined:undefined:undefined":23,"s:313:4:318:Infinity":54,"s:314:6:317:Infinity":55,"s:320:4:338:Infinity":56,"s:321:21:326:Infinity":57,"s:328:6:332:Infinity":58,"s:334:6:337:Infinity":59,"b:336:15:336:32:336:32:336:Infinity":24,"f:341:8:341:22":8,"b:342:4:344:Infinity:undefined:undefined:undefined:undefined":25,"s:342:4:344:Infinity":60,"s:343:6:343:Infinity":61,"s:346:4:354:Infinity":62,"s:347:6:347:Infinity":63,"s:348:6:348:Infinity":64,"s:350:6:353:Infinity":65,"b:352:15:352:32:352:32:352:Infinity":26,"f:357:8:357:40":9,"s:358:4:358:Infinity":66,"f:361:2:361:22":10,"s:362:4:367:Infinity":67,"f:367:12:367:13":11,"s:367:24:367:41":68,"s:371:35:371:Infinity":69}}}
,"C:\\Users\\iurato\\Downloads\\tradeportal-2025-platinum\\convex\\lib\\paymentFactory.ts": {"path":"C:\\Users\\iurato\\Downloads\\tradeportal-2025-platinum\\convex\\lib\\paymentFactory.ts","statementMap":{"0":{"start":{"line":15,"column":28},"end":{"line":15,"column":null}},"1":{"start":{"line":16,"column":25},"end":{"line":16,"column":null}},"2":{"start":{"line":19,"column":2},"end":{"line":37,"column":null}},"3":{"start":{"line":23,"column":6},"end":{"line":23,"column":null}},"4":{"start":{"line":27,"column":6},"end":{"line":27,"column":null}},"5":{"start":{"line":31,"column":6},"end":{"line":31,"column":null}},"6":{"start":{"line":34,"column":6},"end":{"line":34,"column":null}},"7":{"start":{"line":36,"column":6},"end":{"line":36,"column":null}},"8":{"start":{"line":41,"column":16},"end":{"line":41,"column":null}},"9":{"start":{"line":42,"column":18},"end":{"line":42,"column":null}},"10":{"start":{"line":43,"column":33},"end":{"line":43,"column":null}},"11":{"start":{"line":46,"column":4},"end":{"line":46,"column":null}},"12":{"start":{"line":50,"column":19},"end":{"line":56,"column":null}},"13":{"start":{"line":58,"column":4},"end":{"line":63,"column":null}},"14":{"start":{"line":67,"column":19},"end":{"line":72,"column":null}},"15":{"start":{"line":74,"column":4},"end":{"line":80,"column":null}},"16":{"start":{"line":84,"column":4},"end":{"line":84,"column":null}},"17":{"start":{"line":88,"column":19},"end":{"line":88,"column":null}},"18":{"start":{"line":89,"column":4},"end":{"line":93,"column":null}},"19":{"start":{"line":97,"column":19},"end":{"line":97,"column":null}},"20":{"start":{"line":98,"column":4},"end":{"line":98,"column":null}},"21":{"start":{"line":102,"column":4},"end":{"line":102,"column":null}},"22":{"start":{"line":107,"column":16},"end":{"line":107,"column":null}},"23":{"start":{"line":108,"column":18},"end":{"line":108,"column":null}},"24":{"start":{"line":109,"column":33},"end":{"line":109,"column":null}},"25":{"start":{"line":112,"column":4},"end":{"line":112,"column":null}},"26":{"start":{"line":116,"column":19},"end":{"line":122,"column":null}},"27":{"start":{"line":124,"column":4},"end":{"line":130,"column":null}},"28":{"start":{"line":134,"column":19},"end":{"line":139,"column":null}},"29":{"start":{"line":141,"column":4},"end":{"line":147,"column":null}},"30":{"start":{"line":151,"column":4},"end":{"line":151,"column":null}},"31":{"start":{"line":155,"column":19},"end":{"line":155,"column":null}},"32":{"start":{"line":156,"column":4},"end":{"line":160,"column":null}},"33":{"start":{"line":164,"column":4},"end":{"line":164,"column":null}},"34":{"start":{"line":168,"column":4},"end":{"line":168,"column":null}},"35":{"start":{"line":172,"column":27},"end":{"line":172,"column":null}},"36":{"start":{"line":173,"column":24},"end":{"line":173,"column":null}},"37":{"start":{"line":176,"column":2},"end":{"line":187,"column":null}},"38":{"start":{"line":178,"column":6},"end":{"line":178,"column":null}},"39":{"start":{"line":180,"column":6},"end":{"line":180,"column":null}},"40":{"start":{"line":182,"column":6},"end":{"line":182,"column":null}},"41":{"start":{"line":182,"column":43},"end":{"line":182,"column":null}},"42":{"start":{"line":183,"column":6},"end":{"line":183,"column":null}},"43":{"start":{"line":183,"column":40},"end":{"line":183,"column":null}},"44":{"start":{"line":184,"column":6},"end":{"line":184,"column":null}},"45":{"start":{"line":186,"column":6},"end":{"line":186,"column":null}},"46":{"start":{"line":191,"column":39},"end":{"line":191,"column":null}},"47":{"start":{"line":192,"column":2},"end":{"line":192,"column":null}},"48":{"start":{"line":192,"column":39},"end":{"line":192,"column":null}},"49":{"start":{"line":193,"column":2},"end":{"line":193,"column":null}},"50":{"start":{"line":193,"column":36},"end":{"line":193,"column":null}},"51":{"start":{"line":194,"column":2},"end":{"line":194,"column":null}},"52":{"start":{"line":198,"column":2},"end":{"line":202,"column":null}},"53":{"start":{"line":199,"column":4},"end":{"line":201,"column":null}},"54":{"start":{"line":200,"column":6},"end":{"line":200,"column":null}},"55":{"start":{"line":203,"column":2},"end":{"line":203,"column":null}}},"fnMap":{"0":{"name":"normalizeStatus","decl":{"start":{"line":18,"column":9},"end":{"line":18,"column":25}},"loc":{"start":{"line":18,"column":68},"end":{"line":38,"column":null}},"line":18},"1":{"name":"(anonymous_1)","decl":{"start":{"line":45,"column":6},"end":{"line":45,"column":30}},"loc":{"start":{"line":45,"column":30},"end":{"line":47,"column":null}},"line":45},"2":{"name":"(anonymous_2)","decl":{"start":{"line":49,"column":8},"end":{"line":49,"column":23}},"loc":{"start":{"line":49,"column":66},"end":{"line":64,"column":null}},"line":49},"3":{"name":"(anonymous_3)","decl":{"start":{"line":66,"column":8},"end":{"line":66,"column":27}},"loc":{"start":{"line":66,"column":80},"end":{"line":81,"column":null}},"line":66},"4":{"name":"(anonymous_4)","decl":{"start":{"line":83,"column":8},"end":{"line":83,"column":27}},"loc":{"start":{"line":83,"column":74},"end":{"line":85,"column":null}},"line":83},"5":{"name":"(anonymous_5)","decl":{"start":{"line":87,"column":8},"end":{"line":87,"column":25}},"loc":{"start":{"line":87,"column":119},"end":{"line":94,"column":null}},"line":87},"6":{"name":"(anonymous_6)","decl":{"start":{"line":96,"column":8},"end":{"line":96,"column":22}},"loc":{"start":{"line":96,"column":68},"end":{"line":99,"column":null}},"line":96},"7":{"name":"(anonymous_7)","decl":{"start":{"line":101,"column":8},"end":{"line":101,"column":28}},"loc":{"start":{"line":101,"column":82},"end":{"line":103,"column":null}},"line":101},"8":{"name":"(anonymous_8)","decl":{"start":{"line":111,"column":6},"end":{"line":111,"column":30}},"loc":{"start":{"line":111,"column":30},"end":{"line":113,"column":null}},"line":111},"9":{"name":"(anonymous_9)","decl":{"start":{"line":115,"column":8},"end":{"line":115,"column":23}},"loc":{"start":{"line":115,"column":66},"end":{"line":131,"column":null}},"line":115},"10":{"name":"(anonymous_10)","decl":{"start":{"line":133,"column":8},"end":{"line":133,"column":27}},"loc":{"start":{"line":133,"column":80},"end":{"line":148,"column":null}},"line":133},"11":{"name":"(anonymous_11)","decl":{"start":{"line":150,"column":8},"end":{"line":150,"column":27}},"loc":{"start":{"line":150,"column":74},"end":{"line":152,"column":null}},"line":150},"12":{"name":"(anonymous_12)","decl":{"start":{"line":154,"column":8},"end":{"line":154,"column":25}},"loc":{"start":{"line":154,"column":119},"end":{"line":161,"column":null}},"line":154},"13":{"name":"(anonymous_13)","decl":{"start":{"line":163,"column":8},"end":{"line":163,"column":22}},"loc":{"start":{"line":163,"column":68},"end":{"line":165,"column":null}},"line":163},"14":{"name":"(anonymous_14)","decl":{"start":{"line":167,"column":8},"end":{"line":167,"column":28}},"loc":{"start":{"line":167,"column":82},"end":{"line":169,"column":null}},"line":167},"15":{"name":"getPaymentProvider","decl":{"start":{"line":175,"column":16},"end":{"line":175,"column":35}},"loc":{"start":{"line":175,"column":95},"end":{"line":188,"column":null}},"line":175},"16":{"name":"getAvailableProviders","decl":{"start":{"line":190,"column":16},"end":{"line":190,"column":59}},"loc":{"start":{"line":190,"column":59},"end":{"line":195,"column":null}},"line":190},"17":{"name":"getProviderByCurrency","decl":{"start":{"line":197,"column":16},"end":{"line":197,"column":38}},"loc":{"start":{"line":197,"column":80},"end":{"line":204,"column":null}},"line":197}},"branchMap":{"0":{"loc":{"start":{"line":19,"column":2},"end":{"line":37,"column":null}},"type":"switch","locations":[{"start":{"line":20,"column":4},"end":{"line":20,"column":null}},{"start":{"line":21,"column":4},"end":{"line":21,"column":null}},{"start":{"line":22,"column":4},"end":{"line":23,"column":null}},{"start":{"line":24,"column":4},"end":{"line":24,"column":null}},{"start":{"line":25,"column":4},"end":{"line":25,"column":null}},{"start":{"line":26,"column":4},"end":{"line":27,"column":null}},{"start":{"line":28,"column":4},"end":{"line":28,"column":null}},{"start":{"line":29,"column":4},"end":{"line":29,"column":null}},{"start":{"line":30,"column":4},"end":{"line":31,"column":null}},{"start":{"line":32,"column":4},"end":{"line":32,"column":null}},{"start":{"line":33,"column":4},"end":{"line":34,"column":null}},{"start":{"line":35,"column":4},"end":{"line":36,"column":null}}],"line":19},"1":{"loc":{"start":{"line":52,"column":19},"end":{"line":52,"column":null}},"type":"binary-expr","locations":[{"start":{"line":52,"column":19},"end":{"line":52,"column":39}},{"start":{"line":52,"column":39},"end":{"line":52,"column":null}}],"line":52},"2":{"loc":{"start":{"line":75,"column":15},"end":{"line":75,"column":null}},"type":"cond-expr","locations":[{"start":{"line":75,"column":39},"end":{"line":75,"column":46}},{"start":{"line":75,"column":46},"end":{"line":75,"column":null}}],"line":75},"3":{"loc":{"start":{"line":78,"column":14},"end":{"line":78,"column":null}},"type":"cond-expr","locations":[{"start":{"line":78,"column":38},"end":{"line":78,"column":50}},{"start":{"line":78,"column":50},"end":{"line":78,"column":null}}],"line":78},"4":{"loc":{"start":{"line":138,"column":16},"end":{"line":138,"column":null}},"type":"binary-expr","locations":[{"start":{"line":138,"column":16},"end":{"line":138,"column":33}},{"start":{"line":138,"column":33},"end":{"line":138,"column":null}}],"line":138},"5":{"loc":{"start":{"line":142,"column":15},"end":{"line":142,"column":null}},"type":"cond-expr","locations":[{"start":{"line":142,"column":39},"end":{"line":142,"column":46}},{"start":{"line":142,"column":46},"end":{"line":142,"column":null}}],"line":142},"6":{"loc":{"start":{"line":145,"column":14},"end":{"line":145,"column":null}},"type":"cond-expr","locations":[{"start":{"line":145,"column":38},"end":{"line":145,"column":50}},{"start":{"line":145,"column":50},"end":{"line":145,"column":null}}],"line":145},"7":{"loc":{"start":{"line":175,"column":35},"end":{"line":175,"column":95}},"type":"default-arg","locations":[{"start":{"line":175,"column":63},"end":{"line":175,"column":95}}],"line":175},"8":{"loc":{"start":{"line":176,"column":2},"end":{"line":187,"column":null}},"type":"switch","locations":[{"start":{"line":177,"column":4},"end":{"line":178,"column":null}},{"start":{"line":179,"column":4},"end":{"line":180,"column":null}},{"start":{"line":181,"column":4},"end":{"line":184,"column":null}},{"start":{"line":185,"column":4},"end":{"line":186,"column":null}}],"line":176},"9":{"loc":{"start":{"line":182,"column":6},"end":{"line":182,"column":null}},"type":"if","locations":[{"start":{"line":182,"column":6},"end":{"line":182,"column":null}},{"start":{},"end":{}}],"line":182},"10":{"loc":{"start":{"line":183,"column":6},"end":{"line":183,"column":null}},"type":"if","locations":[{"start":{"line":183,"column":6},"end":{"line":183,"column":null}},{"start":{},"end":{}}],"line":183},"11":{"loc":{"start":{"line":192,"column":2},"end":{"line":192,"column":null}},"type":"if","locations":[{"start":{"line":192,"column":2},"end":{"line":192,"column":null}},{"start":{},"end":{}}],"line":192},"12":{"loc":{"start":{"line":193,"column":2},"end":{"line":193,"column":null}},"type":"if","locations":[{"start":{"line":193,"column":2},"end":{"line":193,"column":null}},{"start":{},"end":{}}],"line":193},"13":{"loc":{"start":{"line":199,"column":4},"end":{"line":201,"column":null}},"type":"if","locations":[{"start":{"line":199,"column":4},"end":{"line":201,"column":null}},{"start":{},"end":{}}],"line":199}},"s":{"0":1,"1":1,"2":1,"3":0,"4":0,"5":0,"6":0,"7":1,"8":1,"9":1,"10":1,"11":0,"12":1,"13":1,"14":1,"15":1,"16":0,"17":0,"18":0,"19":0,"20":0,"21":1,"22":1,"23":1,"24":1,"25":0,"26":0,"27":0,"28":0,"29":0,"30":0,"31":0,"32":0,"33":0,"34":0,"35":1,"36":1,"37":3,"38":2,"39":1,"40":0,"41":0,"42":0,"43":0,"44":0,"45":0,"46":0,"47":0,"48":0,"49":0,"50":0,"51":0,"52":0,"53":0,"54":0,"55":0},"f":{"0":1,"1":0,"2":1,"3":1,"4":0,"5":0,"6":0,"7":1,"8":0,"9":0,"10":0,"11":0,"12":0,"13":0,"14":0,"15":3,"16":0,"17":0},"b":{"0":[0,0,0,0,0,0,0,0,0,0,0,1],"1":[1,0],"2":[0,1],"3":[0,1],"4":[0,0],"5":[0,0],"6":[0,0],"7":[3],"8":[2,1,0,0],"9":[0,0],"10":[0,0],"11":[0,0],"12":[0,0],"13":[0,0]},"meta":{"lastBranch":14,"lastFunction":18,"lastStatement":56,"seen":{"s:15:28:15:Infinity":0,"s:16:25:16:Infinity":1,"f:18:9:18:25":0,"b:20:4:20:Infinity:21:4:21:Infinity:22:4:23:Infinity:24:4:24:Infinity:25:4:25:Infinity:26:4:27:Infinity:28:4:28:Infinity:29:4:29:Infinity:30:4:31:Infinity:32:4:32:Infinity:33:4:34:Infinity:35:4:36:Infinity":0,"s:19:2:37:Infinity":2,"s:23:6:23:Infinity":3,"s:27:6:27:Infinity":4,"s:31:6:31:Infinity":5,"s:34:6:34:Infinity":6,"s:36:6:36:Infinity":7,"s:41:16:41:Infinity":8,"s:42:18:42:Infinity":9,"s:43:33:43:Infinity":10,"f:45:6:45:30":1,"s:46:4:46:Infinity":11,"f:49:8:49:23":2,"s:50:19:56:Infinity":12,"b:52:19:52:39:52:39:52:Infinity":1,"s:58:4:63:Infinity":13,"f:66:8:66:27":3,"s:67:19:72:Infinity":14,"s:74:4:80:Infinity":15,"b:75:39:75:46:75:46:75:Infinity":2,"b:78:38:78:50:78:50:78:Infinity":3,"f:83:8:83:27":4,"s:84:4:84:Infinity":16,"f:87:8:87:25":5,"s:88:19:88:Infinity":17,"s:89:4:93:Infinity":18,"f:96:8:96:22":6,"s:97:19:97:Infinity":19,"s:98:4:98:Infinity":20,"f:101:8:101:28":7,"s:102:4:102:Infinity":21,"s:107:16:107:Infinity":22,"s:108:18:108:Infinity":23,"s:109:33:109:Infinity":24,"f:111:6:111:30":8,"s:112:4:112:Infinity":25,"f:115:8:115:23":9,"s:116:19:122:Infinity":26,"s:124:4:130:Infinity":27,"f:133:8:133:27":10,"s:134:19:139:Infinity":28,"b:138:16:138:33:138:33:138:Infinity":4,"s:141:4:147:Infinity":29,"b:142:39:142:46:142:46:142:Infinity":5,"b:145:38:145:50:145:50:145:Infinity":6,"f:150:8:150:27":11,"s:151:4:151:Infinity":30,"f:154:8:154:25":12,"s:155:19:155:Infinity":31,"s:156:4:160:Infinity":32,"f:163:8:163:22":13,"s:164:4:164:Infinity":33,"f:167:8:167:28":14,"s:168:4:168:Infinity":34,"s:172:27:172:Infinity":35,"s:173:24:173:Infinity":36,"f:175:16:175:35":15,"b:175:63:175:95":7,"b:177:4:178:Infinity:179:4:180:Infinity:181:4:184:Infinity:185:4:186:Infinity":8,"s:176:2:187:Infinity":37,"s:178:6:178:Infinity":38,"s:180:6:180:Infinity":39,"b:182:6:182:Infinity:undefined:undefined:undefined:undefined":9,"s:182:6:182:Infinity":40,"s:182:43:182:Infinity":41,"b:183:6:183:Infinity:undefined:undefined:undefined:undefined":10,"s:183:6:183:Infinity":42,"s:183:40:183:Infinity":43,"s:184:6:184:Infinity":44,"s:186:6:186:Infinity":45,"f:190:16:190:59":16,"s:191:39:191:Infinity":46,"b:192:2:192:Infinity:undefined:undefined:undefined:undefined":11,"s:192:2:192:Infinity":47,"s:192:39:192:Infinity":48,"b:193:2:193:Infinity:undefined:undefined:undefined:undefined":12,"s:193:2:193:Infinity":49,"s:193:36:193:Infinity":50,"s:194:2:194:Infinity":51,"f:197:16:197:38":17,"s:198:2:202:Infinity":52,"b:199:4:201:Infinity:undefined:undefined:undefined:undefined":13,"s:199:4:201:Infinity":53,"s:200:6:200:Infinity":54,"s:203:2:203:Infinity":55}}}
,"C:\\Users\\iurato\\Downloads\\tradeportal-2025-platinum\\convex\\lib\\zenobank.ts": {"path":"C:\\Users\\iurato\\Downloads\\tradeportal-2025-platinum\\convex\\lib\\zenobank.ts","statementMap":{"0":{"start":{"line":3,"column":25},"end":{"line":3,"column":null}},"1":{"start":{"line":24,"column":4},"end":{"line":24,"column":null}},"2":{"start":{"line":28,"column":4},"end":{"line":31,"column":null}},"3":{"start":{"line":41,"column":4},"end":{"line":43,"column":null}},"4":{"start":{"line":42,"column":6},"end":{"line":42,"column":null}},"5":{"start":{"line":45,"column":4},"end":{"line":72,"column":null}},"6":{"start":{"line":46,"column":23},"end":{"line":59,"column":null}},"7":{"start":{"line":61,"column":6},"end":{"line":66,"column":null}},"8":{"start":{"line":68,"column":6},"end":{"line":71,"column":null}},"9":{"start":{"line":80,"column":4},"end":{"line":82,"column":null}},"10":{"start":{"line":81,"column":6},"end":{"line":81,"column":null}},"11":{"start":{"line":84,"column":4},"end":{"line":99,"column":null}},"12":{"start":{"line":85,"column":23},"end":{"line":88,"column":null}},"13":{"start":{"line":90,"column":6},"end":{"line":93,"column":null}},"14":{"start":{"line":95,"column":6},"end":{"line":98,"column":null}},"15":{"start":{"line":108,"column":4},"end":{"line":110,"column":null}},"16":{"start":{"line":109,"column":6},"end":{"line":109,"column":null}},"17":{"start":{"line":112,"column":4},"end":{"line":147,"column":null}},"18":{"start":{"line":113,"column":49},"end":{"line":117,"column":null}},"19":{"start":{"line":119,"column":23},"end":{"line":135,"column":null}},"20":{"start":{"line":137,"column":6},"end":{"line":141,"column":null}},"21":{"start":{"line":143,"column":6},"end":{"line":146,"column":null}},"22":{"start":{"line":151,"column":4},"end":{"line":153,"column":null}},"23":{"start":{"line":152,"column":6},"end":{"line":152,"column":null}},"24":{"start":{"line":155,"column":4},"end":{"line":167,"column":null}},"25":{"start":{"line":156,"column":6},"end":{"line":159,"column":null}},"26":{"start":{"line":161,"column":6},"end":{"line":161,"column":null}},"27":{"start":{"line":163,"column":6},"end":{"line":166,"column":null}},"28":{"start":{"line":171,"column":4},"end":{"line":177,"column":null}},"29":{"start":{"line":177,"column":24},"end":{"line":177,"column":47}},"30":{"start":{"line":181,"column":32},"end":{"line":181,"column":null}}},"fnMap":{"0":{"name":"(anonymous_0)","decl":{"start":{"line":23,"column":2},"end":{"line":23,"column":16}},"loc":{"start":{"line":23,"column":16},"end":{"line":25,"column":null}},"line":23},"1":{"name":"(anonymous_1)","decl":{"start":{"line":27,"column":10},"end":{"line":27,"column":23}},"loc":{"start":{"line":27,"column":23},"end":{"line":32,"column":null}},"line":27},"2":{"name":"(anonymous_2)","decl":{"start":{"line":34,"column":8},"end":{"line":34,"column":23}},"loc":{"start":{"line":40,"column":5},"end":{"line":73,"column":null}},"line":40},"3":{"name":"(anonymous_3)","decl":{"start":{"line":75,"column":8},"end":{"line":75,"column":25}},"loc":{"start":{"line":79,"column":5},"end":{"line":100,"column":null}},"line":79},"4":{"name":"(anonymous_4)","decl":{"start":{"line":102,"column":8},"end":{"line":102,"column":27}},"loc":{"start":{"line":107,"column":5},"end":{"line":148,"column":null}},"line":107},"5":{"name":"(anonymous_5)","decl":{"start":{"line":150,"column":8},"end":{"line":150,"column":27}},"loc":{"start":{"line":150,"column":98},"end":{"line":168,"column":null}},"line":150},"6":{"name":"(anonymous_6)","decl":{"start":{"line":170,"column":2},"end":{"line":170,"column":22}},"loc":{"start":{"line":170,"column":76},"end":{"line":178,"column":null}},"line":170},"7":{"name":"(anonymous_7)","decl":{"start":{"line":177,"column":12},"end":{"line":177,"column":13}},"loc":{"start":{"line":177,"column":24},"end":{"line":177,"column":47}},"line":177}},"branchMap":{"0":{"loc":{"start":{"line":24,"column":18},"end":{"line":24,"column":null}},"type":"binary-expr","locations":[{"start":{"line":24,"column":18},"end":{"line":24,"column":50}},{"start":{"line":24,"column":50},"end":{"line":24,"column":null}}],"line":24},"1":{"loc":{"start":{"line":41,"column":4},"end":{"line":43,"column":null}},"type":"if","locations":[{"start":{"line":41,"column":4},"end":{"line":43,"column":null}},{"start":{},"end":{}}],"line":41},"2":{"loc":{"start":{"line":70,"column":15},"end":{"line":70,"column":null}},"type":"binary-expr","locations":[{"start":{"line":70,"column":15},"end":{"line":70,"column":48}},{"start":{"line":70,"column":48},"end":{"line":70,"column":null}}],"line":70},"3":{"loc":{"start":{"line":80,"column":4},"end":{"line":82,"column":null}},"type":"if","locations":[{"start":{"line":80,"column":4},"end":{"line":82,"column":null}},{"start":{},"end":{}}],"line":80},"4":{"loc":{"start":{"line":97,"column":15},"end":{"line":97,"column":null}},"type":"binary-expr","locations":[{"start":{"line":97,"column":15},"end":{"line":97,"column":48}},{"start":{"line":97,"column":48},"end":{"line":97,"column":null}}],"line":97},"5":{"loc":{"start":{"line":108,"column":4},"end":{"line":110,"column":null}},"type":"if","locations":[{"start":{"line":108,"column":4},"end":{"line":110,"column":null}},{"start":{},"end":{}}],"line":108},"6":{"loc":{"start":{"line":125,"column":18},"end":{"line":125,"column":null}},"type":"binary-expr","locations":[{"start":{"line":125,"column":18},"end":{"line":125,"column":43}},{"start":{"line":125,"column":43},"end":{"line":125,"column":null}}],"line":125},"7":{"loc":{"start":{"line":145,"column":15},"end":{"line":145,"column":null}},"type":"binary-expr","locations":[{"start":{"line":145,"column":15},"end":{"line":145,"column":48}},{"start":{"line":145,"column":48},"end":{"line":145,"column":null}}],"line":145},"8":{"loc":{"start":{"line":151,"column":4},"end":{"line":153,"column":null}},"type":"if","locations":[{"start":{"line":151,"column":4},"end":{"line":153,"column":null}},{"start":{},"end":{}}],"line":151},"9":{"loc":{"start":{"line":165,"column":15},"end":{"line":165,"column":null}},"type":"binary-expr","locations":[{"start":{"line":165,"column":15},"end":{"line":165,"column":48}},{"start":{"line":165,"column":48},"end":{"line":165,"column":null}}],"line":165},"10":{"loc":{"start":{"line":177,"column":24},"end":{"line":177,"column":47}},"type":"binary-expr","locations":[{"start":{"line":177,"column":24},"end":{"line":177,"column":45}},{"start":{"line":177,"column":45},"end":{"line":177,"column":47}}],"line":177}},"s":{"0":1,"1":2,"2":0,"3":0,"4":0,"5":0,"6":0,"7":0,"8":0,"9":0,"10":0,"11":0,"12":0,"13":0,"14":0,"15":0,"16":0,"17":0,"18":0,"19":0,"20":0,"21":0,"22":0,"23":0,"24":0,"25":0,"26":0,"27":0,"28":0,"29":0,"30":1},"f":{"0":2,"1":0,"2":0,"3":0,"4":0,"5":0,"6":0,"7":0},"b":{"0":[2,2],"1":[0,0],"2":[0,0],"3":[0,0],"4":[0,0],"5":[0,0],"6":[0,0],"7":[0,0],"8":[0,0],"9":[0,0],"10":[0,0]},"meta":{"lastBranch":11,"lastFunction":8,"lastStatement":31,"seen":{"s:3:25:3:Infinity":0,"f:23:2:23:16":0,"s:24:4:24:Infinity":1,"b:24:18:24:50:24:50:24:Infinity":0,"f:27:10:27:23":1,"s:28:4:31:Infinity":2,"f:34:8:34:23":2,"b:41:4:43:Infinity:undefined:undefined:undefined:undefined":1,"s:41:4:43:Infinity":3,"s:42:6:42:Infinity":4,"s:45:4:72:Infinity":5,"s:46:23:59:Infinity":6,"s:61:6:66:Infinity":7,"s:68:6:71:Infinity":8,"b:70:15:70:48:70:48:70:Infinity":2,"f:75:8:75:25":3,"b:80:4:82:Infinity:undefined:undefined:undefined:undefined":3,"s:80:4:82:Infinity":9,"s:81:6:81:Infinity":10,"s:84:4:99:Infinity":11,"s:85:23:88:Infinity":12,"s:90:6:93:Infinity":13,"s:95:6:98:Infinity":14,"b:97:15:97:48:97:48:97:Infinity":4,"f:102:8:102:27":4,"b:108:4:110:Infinity:undefined:undefined:undefined:undefined":5,"s:108:4:110:Infinity":15,"s:109:6:109:Infinity":16,"s:112:4:147:Infinity":17,"s:113:49:117:Infinity":18,"s:119:23:135:Infinity":19,"b:125:18:125:43:125:43:125:Infinity":6,"s:137:6:141:Infinity":20,"s:143:6:146:Infinity":21,"b:145:15:145:48:145:48:145:Infinity":7,"f:150:8:150:27":5,"b:151:4:153:Infinity:undefined:undefined:undefined:undefined":8,"s:151:4:153:Infinity":22,"s:152:6:152:Infinity":23,"s:155:4:167:Infinity":24,"s:156:6:159:Infinity":25,"s:161:6:161:Infinity":26,"s:163:6:166:Infinity":27,"b:165:15:165:48:165:48:165:Infinity":9,"f:170:2:170:22":6,"s:171:4:177:Infinity":28,"f:177:12:177:13":7,"s:177:24:177:47":29,"b:177:24:177:45:177:45:177:47":10,"s:181:32:181:Infinity":30}}}
,"C:\\Users\\iurato\\Downloads\\tradeportal-2025-platinum\\data\\promotionalAds.ts": {"path":"C:\\Users\\iurato\\Downloads\\tradeportal-2025-platinum\\data\\promotionalAds.ts","statementMap":{"0":{"start":{"line":16,"column":48},"end":{"line":88,"column":null}},"1":{"start":{"line":90,"column":28},"end":{"line":127,"column":null}}},"fnMap":{},"branchMap":{},"s":{"0":1,"1":1},"f":{},"b":{},"meta":{"lastBranch":0,"lastFunction":0,"lastStatement":2,"seen":{"s:16:48:88:Infinity":0,"s:90:28:127:Infinity":1}}}
,"C:\\Users\\iurato\\Downloads\\tradeportal-2025-platinum\\lib\\ai\\rateLimiter.ts": {"path":"C:\\Users\\iurato\\Downloads\\tradeportal-2025-platinum\\lib\\ai\\rateLimiter.ts","statementMap":{"0":{"start":{"line":31,"column":56},"end":{"line":35,"column":null}},"1":{"start":{"line":38,"column":2},"end":{"line":48,"column":null}},"2":{"start":{"line":54,"column":49},"end":{"line":54,"column":null}},"3":{"start":{"line":56,"column":2},"end":{"line":82,"column":null}},"4":{"start":{"line":60,"column":16},"end":{"line":60,"column":null}},"5":{"start":{"line":61,"column":16},"end":{"line":61,"column":null}},"6":{"start":{"line":62,"column":22},"end":{"line":62,"column":null}},"7":{"start":{"line":63,"column":19},"end":{"line":63,"column":null}},"8":{"start":{"line":65,"column":4},"end":{"line":65,"column":null}},"9":{"start":{"line":65,"column":38},"end":{"line":65,"column":60}},"10":{"start":{"line":67,"column":4},"end":{"line":72,"column":null}},"11":{"start":{"line":68,"column":6},"end":{"line":68,"column":null}},"12":{"start":{"line":69,"column":23},"end":{"line":69,"column":null}},"13":{"start":{"line":70,"column":22},"end":{"line":70,"column":null}},"14":{"start":{"line":71,"column":6},"end":{"line":71,"column":null}},"15":{"start":{"line":74,"column":4},"end":{"line":74,"column":null}},"16":{"start":{"line":75,"column":4},"end":{"line":75,"column":null}},"17":{"start":{"line":77,"column":4},"end":{"line":81,"column":null}},"18":{"start":{"line":86,"column":24},"end":{"line":86,"column":null}},"19":{"start":{"line":88,"column":2},"end":{"line":90,"column":null}},"20":{"start":{"line":89,"column":4},"end":{"line":89,"column":null}},"21":{"start":{"line":92,"column":2},"end":{"line":94,"column":null}},"22":{"start":{"line":93,"column":4},"end":{"line":93,"column":null}},"23":{"start":{"line":93,"column":28},"end":{"line":93,"column":48}},"24":{"start":{"line":96,"column":45},"end":{"line":96,"column":null}},"25":{"start":{"line":97,"column":2},"end":{"line":107,"column":null}},"26":{"start":{"line":98,"column":4},"end":{"line":106,"column":null}},"27":{"start":{"line":98,"column":33},"end":{"line":98,"column":77}},"28":{"start":{"line":99,"column":6},"end":{"line":101,"column":null}},"29":{"start":{"line":102,"column":4},"end":{"line":106,"column":null}},"30":{"start":{"line":103,"column":6},"end":{"line":103,"column":null}},"31":{"start":{"line":105,"column":6},"end":{"line":105,"column":null}},"32":{"start":{"line":109,"column":2},"end":{"line":109,"column":null}},"33":{"start":{"line":113,"column":2},"end":{"line":113,"column":null}},"34":{"start":{"line":114,"column":2},"end":{"line":114,"column":null}},"35":{"start":{"line":117,"column":4},"end":{"line":117,"column":null}},"36":{"start":{"line":118,"column":4},"end":{"line":120,"column":null}},"37":{"start":{"line":119,"column":6},"end":{"line":119,"column":null}},"38":{"start":{"line":124,"column":4},"end":{"line":124,"column":null}},"39":{"start":{"line":128,"column":4},"end":{"line":128,"column":null}},"40":{"start":{"line":128,"column":33},"end":{"line":128,"column":52}},"41":{"start":{"line":132,"column":4},"end":{"line":132,"column":null}},"42":{"start":{"line":132,"column":33},"end":{"line":132,"column":43}},"43":{"start":{"line":147,"column":2},"end":{"line":147,"column":null}},"44":{"start":{"line":148,"column":2},"end":{"line":148,"column":null}},"45":{"start":{"line":150,"column":2},"end":{"line":152,"column":null}},"46":{"start":{"line":151,"column":4},"end":{"line":151,"column":null}},"47":{"start":{"line":154,"column":2},"end":{"line":156,"column":null}},"48":{"start":{"line":155,"column":4},"end":{"line":155,"column":null}},"49":{"start":{"line":158,"column":2},"end":{"line":160,"column":null}},"50":{"start":{"line":159,"column":4},"end":{"line":159,"column":null}},"51":{"start":{"line":162,"column":2},"end":{"line":164,"column":null}},"52":{"start":{"line":163,"column":4},"end":{"line":163,"column":null}},"53":{"start":{"line":165,"column":2},"end":{"line":165,"column":null}},"54":{"start":{"line":167,"column":2},"end":{"line":171,"column":null}},"55":{"start":{"line":168,"column":4},"end":{"line":168,"column":null}},"56":{"start":{"line":169,"column":4},"end":{"line":169,"column":null}},"57":{"start":{"line":170,"column":4},"end":{"line":170,"column":null}},"58":{"start":{"line":173,"column":2},"end":{"line":175,"column":null}}},"fnMap":{"0":{"name":"createAIMetrics","decl":{"start":{"line":37,"column":16},"end":{"line":37,"column":45}},"loc":{"start":{"line":37,"column":45},"end":{"line":49,"column":null}},"line":37},"1":{"name":"createRateLimiter","decl":{"start":{"line":51,"column":16},"end":{"line":51,"column":null}},"loc":{"start":{"line":53,"column":2},"end":{"line":83,"column":null}},"line":53},"2":{"name":"checkRateLimit","decl":{"start":{"line":56,"column":18},"end":{"line":56,"column":null}},"loc":{"start":{"line":59,"column":62},"end":{"line":82,"column":null}},"line":59},"3":{"name":"(anonymous_3)","decl":{"start":{"line":65,"column":33},"end":{"line":65,"column":38}},"loc":{"start":{"line":65,"column":38},"end":{"line":65,"column":60}},"line":65},"4":{"name":"sanitizeForLog","decl":{"start":{"line":85,"column":16},"end":{"line":85,"column":31}},"loc":{"start":{"line":85,"column":55},"end":{"line":110,"column":null}},"line":85},"5":{"name":"(anonymous_5)","decl":{"start":{"line":93,"column":20},"end":{"line":93,"column":28}},"loc":{"start":{"line":93,"column":28},"end":{"line":93,"column":48}},"line":93},"6":{"name":"(anonymous_6)","decl":{"start":{"line":98,"column":27},"end":{"line":98,"column":33}},"loc":{"start":{"line":98,"column":33},"end":{"line":98,"column":77}},"line":98},"7":{"name":"(anonymous_7)","decl":{"start":{"line":112,"column":7},"end":{"line":112,"column":13}},"loc":{"start":{"line":112,"column":7},"end":{"line":114,"column":null}},"line":112},"8":{"name":"(anonymous_8)","decl":{"start":{"line":116,"column":2},"end":{"line":116,"column":6}},"loc":{"start":{"line":116,"column":53},"end":{"line":121,"column":null}},"line":116},"9":{"name":"(anonymous_9)","decl":{"start":{"line":123,"column":2},"end":{"line":123,"column":10}},"loc":{"start":{"line":123,"column":40},"end":{"line":125,"column":null}},"line":123},"10":{"name":"(anonymous_10)","decl":{"start":{"line":127,"column":2},"end":{"line":127,"column":18}},"loc":{"start":{"line":127,"column":63},"end":{"line":129,"column":null}},"line":127},"11":{"name":"(anonymous_11)","decl":{"start":{"line":128,"column":28},"end":{"line":128,"column":33}},"loc":{"start":{"line":128,"column":33},"end":{"line":128,"column":52}},"line":128},"12":{"name":"(anonymous_12)","decl":{"start":{"line":131,"column":2},"end":{"line":131,"column":12}},"loc":{"start":{"line":131,"column":42},"end":{"line":133,"column":null}},"line":131},"13":{"name":"(anonymous_13)","decl":{"start":{"line":132,"column":28},"end":{"line":132,"column":33}},"loc":{"start":{"line":132,"column":33},"end":{"line":132,"column":43}},"line":132},"14":{"name":"updateMetrics","decl":{"start":{"line":136,"column":16},"end":{"line":136,"column":null}},"loc":{"start":{"line":146,"column":8},"end":{"line":176,"column":null}},"line":146}},"branchMap":{"0":{"loc":{"start":{"line":52,"column":2},"end":{"line":52,"column":null}},"type":"default-arg","locations":[{"start":{"line":52,"column":44},"end":{"line":52,"column":null}}],"line":52},"1":{"loc":{"start":{"line":61,"column":16},"end":{"line":61,"column":null}},"type":"binary-expr","locations":[{"start":{"line":61,"column":16},"end":{"line":61,"column":36}},{"start":{"line":61,"column":36},"end":{"line":61,"column":54}},{"start":{"line":61,"column":54},"end":{"line":61,"column":null}}],"line":61},"2":{"loc":{"start":{"line":63,"column":19},"end":{"line":63,"column":null}},"type":"binary-expr","locations":[{"start":{"line":63,"column":19},"end":{"line":63,"column":45}},{"start":{"line":63,"column":45},"end":{"line":63,"column":null}}],"line":63},"3":{"loc":{"start":{"line":67,"column":4},"end":{"line":72,"column":null}},"type":"if","locations":[{"start":{"line":67,"column":4},"end":{"line":72,"column":null}},{"start":{},"end":{}}],"line":67},"4":{"loc":{"start":{"line":70,"column":22},"end":{"line":70,"column":null}},"type":"cond-expr","locations":[{"start":{"line":70,"column":33},"end":{"line":70,"column":67}},{"start":{"line":70,"column":67},"end":{"line":70,"column":null}}],"line":70},"5":{"loc":{"start":{"line":88,"column":2},"end":{"line":90,"column":null}},"type":"if","locations":[{"start":{"line":88,"column":2},"end":{"line":90,"column":null}},{"start":{},"end":{}}],"line":88},"6":{"loc":{"start":{"line":88,"column":6},"end":{"line":88,"column":49}},"type":"binary-expr","locations":[{"start":{"line":88,"column":6},"end":{"line":88,"column":34}},{"start":{"line":88,"column":34},"end":{"line":88,"column":49}}],"line":88},"7":{"loc":{"start":{"line":92,"column":2},"end":{"line":94,"column":null}},"type":"if","locations":[{"start":{"line":92,"column":2},"end":{"line":94,"column":null}},{"start":{},"end":{}}],"line":92},"8":{"loc":{"start":{"line":98,"column":4},"end":{"line":106,"column":null}},"type":"if","locations":[{"start":{"line":98,"column":4},"end":{"line":106,"column":null}},{"start":{"line":102,"column":4},"end":{"line":106,"column":null}}],"line":98},"9":{"loc":{"start":{"line":99,"column":23},"end":{"line":101,"column":null}},"type":"cond-expr","locations":[{"start":{"line":100,"column":10},"end":{"line":100,"column":null}},{"start":{"line":101,"column":10},"end":{"line":101,"column":null}}],"line":99},"10":{"loc":{"start":{"line":99,"column":23},"end":{"line":99,"column":null}},"type":"binary-expr","locations":[{"start":{"line":99,"column":23},"end":{"line":99,"column":52}},{"start":{"line":99,"column":52},"end":{"line":99,"column":null}}],"line":99},"11":{"loc":{"start":{"line":102,"column":4},"end":{"line":106,"column":null}},"type":"if","locations":[{"start":{"line":102,"column":4},"end":{"line":106,"column":null}},{"start":{"line":104,"column":11},"end":{"line":106,"column":null}}],"line":102},"12":{"loc":{"start":{"line":102,"column":15},"end":{"line":102,"column":60}},"type":"binary-expr","locations":[{"start":{"line":102,"column":15},"end":{"line":102,"column":44}},{"start":{"line":102,"column":44},"end":{"line":102,"column":60}}],"line":102},"13":{"loc":{"start":{"line":118,"column":4},"end":{"line":120,"column":null}},"type":"if","locations":[{"start":{"line":118,"column":4},"end":{"line":120,"column":null}},{"start":{},"end":{}}],"line":118},"14":{"loc":{"start":{"line":123,"column":10},"end":{"line":123,"column":40}},"type":"default-arg","locations":[{"start":{"line":123,"column":18},"end":{"line":123,"column":40}}],"line":123},"15":{"loc":{"start":{"line":127,"column":34},"end":{"line":127,"column":63}},"type":"default-arg","locations":[{"start":{"line":127,"column":42},"end":{"line":127,"column":63}}],"line":127},"16":{"loc":{"start":{"line":131,"column":12},"end":{"line":131,"column":42}},"type":"default-arg","locations":[{"start":{"line":131,"column":20},"end":{"line":131,"column":42}}],"line":131},"17":{"loc":{"start":{"line":150,"column":2},"end":{"line":152,"column":null}},"type":"if","locations":[{"start":{"line":150,"column":2},"end":{"line":152,"column":null}},{"start":{},"end":{}}],"line":150},"18":{"loc":{"start":{"line":151,"column":36},"end":{"line":151,"column":73}},"type":"binary-expr","locations":[{"start":{"line":151,"column":36},"end":{"line":151,"column":68}},{"start":{"line":151,"column":68},"end":{"line":151,"column":73}}],"line":151},"19":{"loc":{"start":{"line":154,"column":2},"end":{"line":156,"column":null}},"type":"if","locations":[{"start":{"line":154,"column":2},"end":{"line":156,"column":null}},{"start":{},"end":{}}],"line":154},"20":{"loc":{"start":{"line":155,"column":42},"end":{"line":155,"column":85}},"type":"binary-expr","locations":[{"start":{"line":155,"column":42},"end":{"line":155,"column":80}},{"start":{"line":155,"column":80},"end":{"line":155,"column":85}}],"line":155},"21":{"loc":{"start":{"line":158,"column":2},"end":{"line":160,"column":null}},"type":"if","locations":[{"start":{"line":158,"column":2},"end":{"line":160,"column":null}},{"start":{},"end":{}}],"line":158},"22":{"loc":{"start":{"line":159,"column":36},"end":{"line":159,"column":73}},"type":"binary-expr","locations":[{"start":{"line":159,"column":36},"end":{"line":159,"column":68}},{"start":{"line":159,"column":68},"end":{"line":159,"column":73}}],"line":159},"23":{"loc":{"start":{"line":162,"column":2},"end":{"line":164,"column":null}},"type":"if","locations":[{"start":{"line":162,"column":2},"end":{"line":164,"column":null}},{"start":{},"end":{}}],"line":162},"24":{"loc":{"start":{"line":167,"column":2},"end":{"line":171,"column":null}},"type":"if","locations":[{"start":{"line":167,"column":2},"end":{"line":171,"column":null}},{"start":{},"end":{}}],"line":167},"25":{"loc":{"start":{"line":173,"column":22},"end":{"line":175,"column":null}},"type":"cond-expr","locations":[{"start":{"line":174,"column":7},"end":{"line":174,"column":null}},{"start":{"line":175,"column":6},"end":{"line":175,"column":null}}],"line":173}},"s":{"0":1,"1":10,"2":6,"3":6,"4":13,"5":13,"6":13,"7":13,"8":13,"9":8,"10":13,"11":3,"12":3,"13":3,"14":3,"15":10,"16":10,"17":10,"18":16,"19":16,"20":0,"21":16,"22":2,"23":4,"24":14,"25":14,"26":18,"27":73,"28":10,"29":8,"30":2,"31":6,"32":14,"33":4,"34":4,"35":1012,"36":1012,"37":5,"38":2,"39":1,"40":3,"41":1,"42":3,"43":15,"44":15,"45":15,"46":3,"47":15,"48":2,"49":15,"50":1,"51":15,"52":7,"53":15,"54":15,"55":3,"56":3,"57":3,"58":15},"f":{"0":10,"1":6,"2":13,"3":8,"4":16,"5":4,"6":73,"7":4,"8":1012,"9":2,"10":1,"11":3,"12":1,"13":3,"14":15},"b":{"0":[6],"1":[13,1,0],"2":[13,7],"3":[3,10],"4":[3,0],"5":[0,16],"6":[16,16],"7":[2,14],"8":[10,8],"9":[9,1],"10":[10,10],"11":[2,6],"12":[8,2],"13":[5,1007],"14":[2],"15":[1],"16":[1],"17":[3,12],"18":[3,2],"19":[2,13],"20":[2,2],"21":[1,14],"22":[1,1],"23":[7,8],"24":[3,12],"25":[15,0]},"meta":{"lastBranch":26,"lastFunction":15,"lastStatement":59,"seen":{"s:31:56:35:Infinity":0,"f:37:16:37:45":0,"s:38:2:48:Infinity":1,"f:51:16:51:Infinity":1,"b:52:44:52:Infinity":0,"s:54:49:54:Infinity":2,"s:56:2:82:Infinity":3,"f:56:18:56:Infinity":2,"s:60:16:60:Infinity":4,"s:61:16:61:Infinity":5,"b:61:16:61:36:61:36:61:54:61:54:61:Infinity":1,"s:62:22:62:Infinity":6,"s:63:19:63:Infinity":7,"b:63:19:63:45:63:45:63:Infinity":2,"s:65:4:65:Infinity":8,"f:65:33:65:38":3,"s:65:38:65:60":9,"b:67:4:72:Infinity:undefined:undefined:undefined:undefined":3,"s:67:4:72:Infinity":10,"s:68:6:68:Infinity":11,"s:69:23:69:Infinity":12,"s:70:22:70:Infinity":13,"b:70:33:70:67:70:67:70:Infinity":4,"s:71:6:71:Infinity":14,"s:74:4:74:Infinity":15,"s:75:4:75:Infinity":16,"s:77:4:81:Infinity":17,"f:85:16:85:31":4,"s:86:24:86:Infinity":18,"b:88:2:90:Infinity:undefined:undefined:undefined:undefined":5,"s:88:2:90:Infinity":19,"b:88:6:88:34:88:34:88:49":6,"s:89:4:89:Infinity":20,"b:92:2:94:Infinity:undefined:undefined:undefined:undefined":7,"s:92:2:94:Infinity":21,"s:93:4:93:Infinity":22,"f:93:20:93:28":5,"s:93:28:93:48":23,"s:96:45:96:Infinity":24,"s:97:2:107:Infinity":25,"b:98:4:106:Infinity:102:4:106:Infinity":8,"s:98:4:106:Infinity":26,"f:98:27:98:33":6,"s:98:33:98:77":27,"s:99:6:101:Infinity":28,"b:100:10:100:Infinity:101:10:101:Infinity":9,"b:99:23:99:52:99:52:99:Infinity":10,"b:102:4:106:Infinity:104:11:106:Infinity":11,"s:102:4:106:Infinity":29,"b:102:15:102:44:102:44:102:60":12,"s:103:6:103:Infinity":30,"s:105:6:105:Infinity":31,"s:109:2:109:Infinity":32,"f:112:7:112:13":7,"s:113:2:113:Infinity":33,"s:114:2:114:Infinity":34,"f:116:2:116:6":8,"s:117:4:117:Infinity":35,"b:118:4:120:Infinity:undefined:undefined:undefined:undefined":13,"s:118:4:120:Infinity":36,"s:119:6:119:Infinity":37,"f:123:2:123:10":9,"b:123:18:123:40":14,"s:124:4:124:Infinity":38,"f:127:2:127:18":10,"b:127:42:127:63":15,"s:128:4:128:Infinity":39,"f:128:28:128:33":11,"s:128:33:128:52":40,"f:131:2:131:12":12,"b:131:20:131:42":16,"s:132:4:132:Infinity":41,"f:132:28:132:33":13,"s:132:33:132:43":42,"f:136:16:136:Infinity":14,"s:147:2:147:Infinity":43,"s:148:2:148:Infinity":44,"b:150:2:152:Infinity:undefined:undefined:undefined:undefined":17,"s:150:2:152:Infinity":45,"s:151:4:151:Infinity":46,"b:151:36:151:68:151:68:151:73":18,"b:154:2:156:Infinity:undefined:undefined:undefined:undefined":19,"s:154:2:156:Infinity":47,"s:155:4:155:Infinity":48,"b:155:42:155:80:155:80:155:85":20,"b:158:2:160:Infinity:undefined:undefined:undefined:undefined":21,"s:158:2:160:Infinity":49,"s:159:4:159:Infinity":50,"b:159:36:159:68:159:68:159:73":22,"b:162:2:164:Infinity:undefined:undefined:undefined:undefined":23,"s:162:2:164:Infinity":51,"s:163:4:163:Infinity":52,"s:165:2:165:Infinity":53,"b:167:2:171:Infinity:undefined:undefined:undefined:undefined":24,"s:167:2:171:Infinity":54,"s:168:4:168:Infinity":55,"s:169:4:169:Infinity":56,"s:170:4:170:Infinity":57,"s:173:2:175:Infinity":58,"b:174:7:174:Infinity:175:6:175:Infinity":25}}}
,"C:\\Users\\iurato\\Downloads\\tradeportal-2025-platinum\\lib\\utils\\logger.ts": {"path":"C:\\Users\\iurato\\Downloads\\tradeportal-2025-platinum\\lib\\utils\\logger.ts","statementMap":{"0":{"start":{"line":1,"column":55},"end":{"line":1,"column":null}},"1":{"start":{"line":3,"column":15},"end":{"line":16,"column":null}},"2":{"start":{"line":5,"column":4},"end":{"line":5,"column":null}},"3":{"start":{"line":5,"column":15},"end":{"line":5,"column":null}},"4":{"start":{"line":8,"column":4},"end":{"line":8,"column":null}},"5":{"start":{"line":8,"column":15},"end":{"line":8,"column":null}},"6":{"start":{"line":11,"column":4},"end":{"line":11,"column":null}},"7":{"start":{"line":14,"column":4},"end":{"line":14,"column":null}}},"fnMap":{"0":{"name":"(anonymous_0)","decl":{"start":{"line":4,"column":9},"end":{"line":4,"column":13}},"loc":{"start":{"line":4,"column":33},"end":{"line":6,"column":null}},"line":4},"1":{"name":"(anonymous_1)","decl":{"start":{"line":7,"column":8},"end":{"line":7,"column":12}},"loc":{"start":{"line":7,"column":32},"end":{"line":9,"column":null}},"line":7},"2":{"name":"(anonymous_2)","decl":{"start":{"line":10,"column":8},"end":{"line":10,"column":12}},"loc":{"start":{"line":10,"column":32},"end":{"line":12,"column":null}},"line":10},"3":{"name":"(anonymous_3)","decl":{"start":{"line":13,"column":9},"end":{"line":13,"column":13}},"loc":{"start":{"line":13,"column":33},"end":{"line":15,"column":null}},"line":13}},"branchMap":{"0":{"loc":{"start":{"line":1,"column":55},"end":{"line":1,"column":null}},"type":"binary-expr","locations":[{"start":{"line":1,"column":55},"end":{"line":1,"column":71}},{"start":{"line":1,"column":55},"end":{"line":1,"column":null}}],"line":1},"1":{"loc":{"start":{"line":5,"column":4},"end":{"line":5,"column":null}},"type":"if","locations":[{"start":{"line":5,"column":4},"end":{"line":5,"column":null}},{"start":{},"end":{}}],"line":5},"2":{"loc":{"start":{"line":8,"column":4},"end":{"line":8,"column":null}},"type":"if","locations":[{"start":{"line":8,"column":4},"end":{"line":8,"column":null}},{"start":{},"end":{}}],"line":8}},"s":{"0":1,"1":1,"2":0,"3":0,"4":0,"5":0,"6":0,"7":0},"f":{"0":0,"1":0,"2":0,"3":0},"b":{"0":[1,0],"1":[0,0],"2":[0,0]},"meta":{"lastBranch":3,"lastFunction":4,"lastStatement":8,"seen":{"s:1:55:1:Infinity":0,"b:1:55:1:71:1:55:1:Infinity":0,"s:3:15:16:Infinity":1,"f:4:9:4:13":0,"b:5:4:5:Infinity:undefined:undefined:undefined:undefined":1,"s:5:4:5:Infinity":2,"s:5:15:5:Infinity":3,"f:7:8:7:12":1,"b:8:4:8:Infinity:undefined:undefined:undefined:undefined":2,"s:8:4:8:Infinity":4,"s:8:15:8:Infinity":5,"f:10:8:10:12":2,"s:11:4:11:Infinity":6,"f:13:9:13:13":3,"s:14:4:14:Infinity":7}}}
,"C:\\Users\\iurato\\Downloads\\tradeportal-2025-platinum\\src\\constants.ts": {"path":"C:\\Users\\iurato\\Downloads\\tradeportal-2025-platinum\\src\\constants.ts","statementMap":{"0":{"start":{"line":3,"column":40},"end":{"line":37,"column":null}},"1":{"start":{"line":39,"column":48},"end":{"line":84,"column":null}},"2":{"start":{"line":86,"column":45},"end":{"line":97,"column":null}},"3":{"start":{"line":99,"column":46},"end":{"line":127,"column":null}},"4":{"start":{"line":129,"column":40},"end":{"line":170,"column":null}}},"fnMap":{},"branchMap":{},"s":{"0":1,"1":1,"2":1,"3":1,"4":1},"f":{},"b":{},"meta":{"lastBranch":0,"lastFunction":0,"lastStatement":5,"seen":{"s:3:40:37:Infinity":0,"s:39:48:84:Infinity":1,"s:86:45:97:Infinity":2,"s:99:46:127:Infinity":3,"s:129:40:170:Infinity":4}}}
,"C:\\Users\\iurato\\Downloads\\tradeportal-2025-platinum\\src\\config\\urls.ts": {"path":"C:\\Users\\iurato\\Downloads\\tradeportal-2025-platinum\\src\\config\\urls.ts","statementMap":{"0":{"start":{"line":1,"column":21},"end":{"line":1,"column":null}},"1":{"start":{"line":2,"column":21},"end":{"line":2,"column":null}},"2":{"start":{"line":3,"column":19},"end":{"line":3,"column":null}},"3":{"start":{"line":4,"column":24},"end":{"line":4,"column":null}},"4":{"start":{"line":8,"column":0},"end":{"line":10,"column":null}},"5":{"start":{"line":9,"column":2},"end":{"line":9,"column":null}},"6":{"start":{"line":12,"column":20},"end":{"line":20,"column":null}},"7":{"start":{"line":22,"column":28},"end":{"line":29,"column":null}},"8":{"start":{"line":31,"column":32},"end":{"line":33,"column":null}},"9":{"start":{"line":32,"column":2},"end":{"line":32,"column":null}},"10":{"start":{"line":35,"column":32},"end":{"line":38,"column":null}},"11":{"start":{"line":36,"column":15},"end":{"line":36,"column":null}},"12":{"start":{"line":37,"column":2},"end":{"line":37,"column":null}}},"fnMap":{"0":{"name":"(anonymous_0)","decl":{"start":{"line":31,"column":32},"end":{"line":31,"column":33}},"loc":{"start":{"line":31,"column":54},"end":{"line":33,"column":null}},"line":31},"1":{"name":"(anonymous_1)","decl":{"start":{"line":35,"column":32},"end":{"line":35,"column":33}},"loc":{"start":{"line":35,"column":54},"end":{"line":38,"column":null}},"line":35}},"branchMap":{"0":{"loc":{"start":{"line":1,"column":21},"end":{"line":1,"column":null}},"type":"binary-expr","locations":[{"start":{"line":1,"column":21},"end":{"line":1,"column":53}},{"start":{"line":1,"column":53},"end":{"line":1,"column":null}}],"line":1},"1":{"loc":{"start":{"line":3,"column":19},"end":{"line":3,"column":null}},"type":"binary-expr","locations":[{"start":{"line":3,"column":19},"end":{"line":3,"column":54}},{"start":{"line":3,"column":54},"end":{"line":3,"column":null}}],"line":3},"2":{"loc":{"start":{"line":4,"column":24},"end":{"line":4,"column":null}},"type":"binary-expr","locations":[{"start":{"line":4,"column":24},"end":{"line":4,"column":64}},{"start":{"line":4,"column":64},"end":{"line":4,"column":null}}],"line":4},"3":{"loc":{"start":{"line":8,"column":0},"end":{"line":10,"column":null}},"type":"if","locations":[{"start":{"line":8,"column":0},"end":{"line":10,"column":null}},{"start":{},"end":{}}],"line":8},"4":{"loc":{"start":{"line":14,"column":7},"end":{"line":14,"column":null}},"type":"binary-expr","locations":[{"start":{"line":14,"column":7},"end":{"line":14,"column":23}},{"start":{"line":14,"column":23},"end":{"line":14,"column":null}}],"line":14},"5":{"loc":{"start":{"line":37,"column":9},"end":{"line":37,"column":null}},"type":"cond-expr","locations":[{"start":{"line":37,"column":19},"end":{"line":37,"column":70}},{"start":{"line":37,"column":70},"end":{"line":37,"column":null}}],"line":37}},"s":{"0":1,"1":1,"2":1,"3":1,"4":1,"5":0,"6":1,"7":1,"8":1,"9":0,"10":1,"11":0,"12":0},"f":{"0":0,"1":0},"b":{"0":[1,0],"1":[1,0],"2":[1,1],"3":[0,1],"4":[1,0],"5":[0,0]},"meta":{"lastBranch":6,"lastFunction":2,"lastStatement":13,"seen":{"s:1:21:1:Infinity":0,"b:1:21:1:53:1:53:1:Infinity":0,"s:2:21:2:Infinity":1,"s:3:19:3:Infinity":2,"b:3:19:3:54:3:54:3:Infinity":1,"s:4:24:4:Infinity":3,"b:4:24:4:64:4:64:4:Infinity":2,"b:8:0:10:Infinity:undefined:undefined:undefined:undefined":3,"s:8:0:10:Infinity":4,"s:9:2:9:Infinity":5,"s:12:20:20:Infinity":6,"b:14:7:14:23:14:23:14:Infinity":4,"s:22:28:29:Infinity":7,"s:31:32:33:Infinity":8,"f:31:32:31:33":0,"s:32:2:32:Infinity":9,"s:35:32:38:Infinity":10,"f:35:32:35:33":1,"s:36:15:36:Infinity":11,"s:37:2:37:Infinity":12,"b:37:19:37:70:37:70:37:Infinity":5}}}
[...]
0,"22":0,"23":0,"24":0,"25":0,"26":0,"27":0,"28":0,"29":0,"30":0,"31":0,"32":0,"33":0,"34":0,"35":0,"36":0,"37":0,"38":0,"39":0,"40":0,"41":0,"42":0,"43":0,"44":0,"45":0,"46":0,"47":0,"48":0,"49":0,"50":0},"f":{"0":0,"1":0,"2":0,"3":0,"4":0,"5":0,"6":0,"7":0,"8":0,"9":0,"10":0},"b":{"0":[0,0],"1":[0,0],"2":[0,0],"3":[0,0],"4":[0,0],"5":[0,0],"6":[0,0],"7":[0,0]},"meta":{"lastBranch":8,"lastFunction":11,"lastStatement":51,"seen":{"s:1:19:1:Infinity":0,"f:3:15:3:26":0,"s:4:18:4:Infinity":1,"s:5:22:11:Infinity":2,"s:13:15:22:Infinity":3,"s:24:20:24:Infinity":4,"s:25:19:25:Infinity":5,"s:26:2:26:Infinity":6,"s:27:2:27:Infinity":7,"s:29:2:29:Infinity":8,"f:32:22:32:35":1,"s:33:15:33:Infinity":9,"s:34:15:34:Infinity":10,"s:35:2:35:Infinity":11,"b:35:49:35:55:35:55:35:Infinity":0,"f:38:22:38:37":2,"b:39:2:41:Infinity:undefined:undefined:undefined:undefined":1,"s:39:2:41:Infinity":12,"s:40:4:40:Infinity":13,"s:43:2:55:Infinity":14,"s:44:21:44:Infinity":15,"s:45:22:45:Infinity":16,"s:46:21:46:Infinity":17,"f:46:59:46:64":3,"s:46:64:46:79":18,"s:47:17:47:Infinity":19,"s:49:20:49:Infinity":20,"s:50:25:50:Infinity":21,"b:50:57:50:63:50:63:50:Infinity":2,"s:52:4:52:Infinity":22,"s:54:4:54:Infinity":23,"f:58:16:58:29":4,"s:59:2:59:Infinity":24,"b:59:9:59:38:59:38:59:Infinity":3,"f:62:16:62:29":5,"s:63:2:68:Infinity":25,"s:64:20:64:Infinity":26,"s:65:4:65:Infinity":27,"s:67:4:67:Infinity":28,"f:71:16:71:25":6,"s:72:2:72:Infinity":29,"b:72:9:72:35:72:35:72:Infinity":4,"f:75:16:75:33":7,"s:76:2:76:Infinity":30,"f:79:15:79:28":8,"s:80:2:112:Infinity":31,"s:81:21:81:Infinity":32,"f:81:49:81:54":9,"s:81:54:81:69":33,"s:82:17:82:Infinity":34,"s:83:15:83:Infinity":35,"s:84:19:84:Infinity":36,"s:86:20:86:Infinity":37,"s:87:24:93:Infinity":38,"s:95:16:101:Infinity":39,"s:103:22:107:Infinity":40,"s:109:4:109:Infinity":41,"s:111:4:111:Infinity":42,"f:115:22:115:Infinity":10,"b:119:2:122:Infinity:undefined:undefined:undefined:undefined":5,"s:119:2:122:Infinity":43,"s:120:18:120:Infinity":44,"s:121:4:121:Infinity":45,"b:124:2:127:Infinity:undefined:undefined:undefined:undefined":6,"s:124:2:127:Infinity":46,"s:125:18:125:Infinity":47,"s:126:4:126:Infinity":48,"s:129:16:129:Infinity":49,"b:129:16:129:43:129:43:129:Infinity":7,"s:130:2:130:Infinity":50}}}
,"C:\\Users\\iurato\\Downloads\\tradeportal-2025-platinum\\src\\utils\\postMapper.ts": {"path":"C:\\Users\\iurato\\Downloads\\tradeportal-2025-platinum\\src\\utils\\postMapper.ts","statementMap":{"0":{"start":{"line":3,"column":27},"end":{"line":4,"column":null}},"1":{"start":{"line":4,"column":4},"end":{"line":4,"column":null}},"2":{"start":{"line":7,"column":25},"end":{"line":7,"column":null}},"3":{"start":{"line":8,"column":20},"end":{"line":8,"column":null}},"4":{"start":{"line":9,"column":4},"end":{"line":9,"column":null}},"5":{"start":{"line":9,"column":40},"end":{"line":9,"column":56}},"6":{"start":{"line":13,"column":22},"end":{"line":13,"column":null}},"7":{"start":{"line":14,"column":19},"end":{"line":14,"column":null}},"8":{"start":{"line":16,"column":4},"end":{"line":48,"column":null}}},"fnMap":{"0":{"name":"(anonymous_0)","decl":{"start":{"line":3,"column":27},"end":{"line":3,"column":28}},"loc":{"start":{"line":4,"column":4},"end":{"line":4,"column":null}},"line":4},"1":{"name":"extractTags","decl":{"start":{"line":6,"column":16},"end":{"line":6,"column":28}},"loc":{"start":{"line":6,"column":55},"end":{"line":10,"column":null}},"line":6},"2":{"name":"(anonymous_2)","decl":{"start":{"line":9,"column":33},"end":{"line":9,"column":40}},"loc":{"start":{"line":9,"column":40},"end":{"line":9,"column":56}},"line":9},"3":{"name":"mapConvexPost","decl":{"start":{"line":12,"column":16},"end":{"line":12,"column":30}},"loc":{"start":{"line":12,"column":58},"end":{"line":49,"column":null}},"line":12}},"branchMap":{"0":{"loc":{"start":{"line":9,"column":11},"end":{"line":9,"column":null}},"type":"cond-expr","locations":[{"start":{"line":9,"column":21},"end":{"line":9,"column":60}},{"start":{"line":9,"column":60},"end":{"line":9,"column":null}}],"line":9},"1":{"loc":{"start":{"line":13,"column":22},"end":{"line":13,"column":null}},"type":"binary-expr","locations":[{"start":{"line":13,"column":22},"end":{"line":13,"column":37}},{"start":{"line":13,"column":37},"end":{"line":13,"column":null}}],"line":13},"2":{"loc":{"start":{"line":24,"column":19},"end":{"line":24,"column":null}},"type":"binary-expr","locations":[{"start":{"line":24,"column":19},"end":{"line":24,"column":34}},{"start":{"line":24,"column":34},"end":{"line":24,"column":null}}],"line":24},"3":{"loc":{"start":{"line":25,"column":20},"end":{"line":25,"column":null}},"type":"binary-expr","locations":[{"start":{"line":25,"column":20},"end":{"line":25,"column":35}},{"start":{"line":25,"column":35},"end":{"line":25,"column":null}}],"line":25},"4":{"loc":{"start":{"line":28,"column":16},"end":{"line":28,"column":null}},"type":"binary-expr","locations":[{"start":{"line":28,"column":16},"end":{"line":28,"column":28}},{"start":{"line":28,"column":28},"end":{"line":28,"column":null}}],"line":28},"5":{"loc":{"start":{"line":29,"column":13},"end":{"line":29,"column":null}},"type":"binary-expr","locations":[{"start":{"line":29,"column":13},"end":{"line":29,"column":22}},{"start":{"line":29,"column":22},"end":{"line":29,"column":null}}],"line":29},"6":{"loc":{"start":{"line":30,"column":15},"end":{"line":30,"column":null}},"type":"binary-expr","locations":[{"start":{"line":30,"column":15},"end":{"line":30,"column":60}},{"start":{"line":30,"column":60},"end":{"line":30,"column":null}}],"line":30},"7":{"loc":{"start":{"line":32,"column":22},"end":{"line":32,"column":null}},"type":"binary-expr","locations":[{"start":{"line":32,"column":22},"end":{"line":32,"column":40}},{"start":{"line":32,"column":40},"end":{"line":32,"column":null}}],"line":32},"8":{"loc":{"start":{"line":33,"column":16},"end":{"line":33,"column":null}},"type":"cond-expr","locations":[{"start":{"line":33,"column":30},"end":{"line":33,"column":71}},{"start":{"line":33,"column":71},"end":{"line":33,"column":null}}],"line":33},"9":{"loc":{"start":{"line":34,"column":27},"end":{"line":34,"column":null}},"type":"binary-expr","locations":[{"start":{"line":34,"column":27},"end":{"line":34,"column":50}},{"start":{"line":34,"column":50},"end":{"line":34,"column":65}},{"start":{"line":34,"column":65},"end":{"line":34,"column":null}}],"line":34},"10":{"loc":{"start":{"line":35,"column":15},"end":{"line":35,"column":null}},"type":"binary-expr","locations":[{"start":{"line":35,"column":15},"end":{"line":35,"column":26}},{"start":{"line":35,"column":26},"end":{"line":35,"column":null}}],"line":35},"11":{"loc":{"start":{"line":37,"column":22},"end":{"line":37,"column":null}},"type":"binary-expr","locations":[{"start":{"line":37,"column":22},"end":{"line":37,"column":39}},{"start":{"line":37,"column":39},"end":{"line":37,"column":null}}],"line":37},"12":{"loc":{"start":{"line":38,"column":21},"end":{"line":38,"column":null}},"type":"binary-expr","locations":[{"start":{"line":38,"column":21},"end":{"line":38,"column":38}},{"start":{"line":38,"column":38},"end":{"line":38,"column":null}}],"line":38},"13":{"loc":{"start":{"line":42,"column":14},"end":{"line":42,"column":null}},"type":"binary-expr","locations":[{"start":{"line":42,"column":14},"end":{"line":42,"column":24}},{"start":{"line":42,"column":24},"end":{"line":42,"column":null}}],"line":42},"14":{"loc":{"start":{"line":44,"column":17},"end":{"line":44,"column":null}},"type":"binary-expr","locations":[{"start":{"line":44,"column":17},"end":{"line":44,"column":52}},{"start":{"line":44,"column":52},"end":{"line":44,"column":null}}],"line":44}},"s":{"0":1,"1":0,"2":0,"3":0,"4":0,"5":0,"6":0,"7":0,"8":0},"f":{"0":0,"1":0,"2":0,"3":0},"b":{"0":[0,0],"1":[0,0],"2":[0,0],"3":[0,0],"4":[0,0],"5":[0,0],"6":[0,0],"7":[0,0],"8":[0,0],"9":[0,0,0],"10":[0,0],"11":[0,0],"12":[0,0],"13":[0,0],"14":[0,0]},"meta":{"lastBranch":15,"lastFunction":4,"lastStatement":9,"seen":{"s:3:27:4:Infinity":0,"f:3:27:3:28":0,"s:4:4:4:Infinity":1,"f:6:16:6:28":1,"s:7:25:7:Infinity":2,"s:8:20:8:Infinity":3,"s:9:4:9:Infinity":4,"b:9:21:9:60:9:60:9:Infinity":0,"f:9:33:9:40":2,"s:9:40:9:56":5,"f:12:16:12:30":3,"s:13:22:13:Infinity":6,"b:13:22:13:37:13:37:13:Infinity":1,"s:14:19:14:Infinity":7,"s:16:4:48:Infinity":8,"b:24:19:24:34:24:34:24:Infinity":2,"b:25:20:25:35:25:35:25:Infinity":3,"b:28:16:28:28:28:28:28:Infinity":4,"b:29:13:29:22:29:22:29:Infinity":5,"b:30:15:30:60:30:60:30:Infinity":6,"b:32:22:32:40:32:40:32:Infinity":7,"b:33:30:33:71:33:71:33:Infinity":8,"b:34:27:34:50:34:50:34:65:34:65:34:Infinity":9,"b:35:15:35:26:35:26:35:Infinity":10,"b:37:22:37:39:37:39:37:Infinity":11,"b:38:21:38:38:38:38:38:Infinity":12,"b:42:14:42:24:42:24:42:Infinity":13,"b:44:17:44:52:44:52:44:Infinity":14}}}
,"C:\\Users\\iurato\\Downloads\\tradeportal-2025-platinum\\src\\utils\\safeParse.ts": {"path":"C:\\Users\\iurato\\Downloads\\tradeportal-2025-platinum\\src\\utils\\safeParse.ts","statementMap":{"0":{"start":{"line":1,"column":28},"end":{"line":5,"column":null}},"1":{"start":{"line":2,"column":2},"end":{"line":2,"column":null}},"2":{"start":{"line":2,"column":61},"end":{"line":2,"column":null}},"3":{"start":{"line":3,"column":17},"end":{"line":3,"column":null}},"4":{"start":{"line":4,"column":2},"end":{"line":4,"column":null}},"5":{"start":{"line":7,"column":35},"end":{"line":10,"column":null}},"6":{"start":{"line":8,"column":17},"end":{"line":8,"column":null}},"7":{"start":{"line":9,"column":2},"end":{"line":9,"column":null}}},"fnMap":{"0":{"name":"(anonymous_0)","decl":{"start":{"line":1,"column":28},"end":{"line":1,"column":29}},"loc":{"start":{"line":1,"column":100},"end":{"line":5,"column":null}},"line":1},"1":{"name":"(anonymous_1)","decl":{"start":{"line":7,"column":35},"end":{"line":7,"column":36}},"loc":{"start":{"line":7,"column":122},"end":{"line":10,"column":null}},"line":7}},"branchMap":{"0":{"loc":{"start":{"line":1,"column":63},"end":{"line":1,"column":100}},"type":"default-arg","locations":[{"start":{"line":1,"column":86},"end":{"line":1,"column":100}}],"line":1},"1":{"loc":{"start":{"line":2,"column":2},"end":{"line":2,"column":null}},"type":"if","locations":[{"start":{"line":2,"column":2},"end":{"line":2,"column":null}},{"start":{},"end":{}}],"line":2},"2":{"loc":{"start":{"line":2,"column":6},"end":{"line":2,"column":61}},"type":"binary-expr","locations":[{"start":{"line":2,"column":6},"end":{"line":2,"column":24}},{"start":{"line":2,"column":24},"end":{"line":2,"column":47}},{"start":{"line":2,"column":47},"end":{"line":2,"column":61}}],"line":2},"3":{"loc":{"start":{"line":4,"column":9},"end":{"line":4,"column":null}},"type":"cond-expr","locations":[{"start":{"line":4,"column":25},"end":{"line":4,"column":40}},{"start":{"line":4,"column":40},"end":{"line":4,"column":null}}],"line":4},"4":{"loc":{"start":{"line":7,"column":83},"end":{"line":7,"column":122}},"type":"default-arg","locations":[{"start":{"line":7,"column":106},"end":{"line":7,"column":122}}],"line":7}},"s":{"0":1,"1":17,"2":6,"3":11,"4":11,"5":1,"6":6,"7":6},"f":{"0":17,"1":6},"b":{"0":[17],"1":[6,11],"2":[17,15,14],"3":[4,7],"4":[6]},"meta":{"lastBranch":5,"lastFunction":2,"lastStatement":8,"seen":{"s:1:28:5:Infinity":0,"f:1:28:1:29":0,"b:1:86:1:100":0,"b:2:2:2:Infinity:undefined:undefined:undefined:undefined":1,"s:2:2:2:Infinity":1,"b:2:6:2:24:2:24:2:47:2:47:2:61":2,"s:2:61:2:Infinity":2,"s:3:17:3:Infinity":3,"s:4:2:4:Infinity":4,"b:4:25:4:40:4:40:4:Infinity":3,"s:7:35:10:Infinity":5,"f:7:35:7:36":1,"b:7:106:7:122":4,"s:8:17:8:Infinity":6,"s:9:2:9:Infinity":7}}}
,"C:\\Users\\iurato\\Downloads\\tradeportal-2025-platinum\\src\\utils\\sessionManager.ts": {"path":"C:\\Users\\iurato\\Downloads\\tradeportal-2025-platinum\\src\\utils\\sessionManager.ts","statementMap":{"0":{"start":{"line":1,"column":20},"end":{"line":1,"column":null}},"1":{"start":{"line":2,"column":25},"end":{"line":2,"column":null}},"2":{"start":{"line":10,"column":27},"end":{"line":17,"column":null}},"3":{"start":{"line":11,"column":31},"end":{"line":15,"column":null}},"4":{"start":{"line":16,"column":2},"end":{"line":16,"column":null}},"5":{"start":{"line":19,"column":26},"end":{"line":34,"column":null}},"6":{"start":{"line":20,"column":14},"end":{"line":20,"column":null}},"7":{"start":{"line":21,"column":2},"end":{"line":21,"column":null}},"8":{"start":{"line":21,"column":12},"end":{"line":21,"column":null}},"9":{"start":{"line":23,"column":2},"end":{"line":33,"column":null}},"10":{"start":{"line":24,"column":33},"end":{"line":24,"column":null}},"11":{"start":{"line":25,"column":4},"end":{"line":29,"column":null}},"12":{"start":{"line":26,"column":6},"end":{"line":26,"column":null}},"13":{"start":{"line":27,"column":6},"end":{"line":27,"column":null}},"14":{"start":{"line":28,"column":6},"end":{"line":28,"column":null}},"15":{"start":{"line":30,"column":4},"end":{"line":30,"column":null}},"16":{"start":{"line":32,"column":4},"end":{"line":32,"column":null}},"17":{"start":{"line":36,"column":31},"end":{"line":39,"column":null}},"18":{"start":{"line":37,"column":36},"end":{"line":37,"column":null}},"19":{"start":{"line":38,"column":2},"end":{"line":38,"column":null}},"20":{"start":{"line":41,"column":30},"end":{"line":50,"column":null}},"21":{"start":{"line":42,"column":14},"end":{"line":42,"column":null}},"22":{"start":{"line":43,"column":2},"end":{"line":43,"column":null}},"23":{"start":{"line":43,"column":12},"end":{"line":43,"column":null}},"24":{"start":{"line":45,"column":2},"end":{"line":49,"column":null}},"25":{"start":{"line":46,"column":4},"end":{"line":46,"column":null}},"26":{"start":{"line":48,"column":4},"end":{"line":48,"column":null}},"27":{"start":{"line":52,"column":28},"end":{"line":55,"column":null}},"28":{"start":{"line":53,"column":2},"end":{"line":53,"column":null}},"29":{"start":{"line":54,"column":2},"end":{"line":54,"column":null}},"30":{"start":{"line":57,"column":32},"end":{"line":67,"column":null}},"31":{"start":{"line":58,"column":14},"end":{"line":58,"column":null}},"32":{"start":{"line":59,"column":2},"end":{"line":59,"column":null}},"33":{"start":{"line":59,"column":12},"end":{"line":59,"column":null}},"34":{"start":{"line":61,"column":2},"end":{"line":66,"column":null}},"35":{"start":{"line":62,"column":33},"end":{"line":62,"column":null}},"36":{"start":{"line":63,"column":4},"end":{"line":63,"column":null}},"37":{"start":{"line":65,"column":4},"end":{"line":65,"column":null}},"38":{"start":{"line":69,"column":29},"end":{"line":81,"column":null}},"39":{"start":{"line":70,"column":14},"end":{"line":70,"column":null}},"40":{"start":{"line":71,"column":2},"end":{"line":71,"column":null}},"41":{"start":{"line":71,"column":12},"end":{"line":71,"column":null}},"42":{"start":{"line":73,"column":2},"end":{"line":80,"column":null}},"43":{"start":{"line":74,"column":33},"end":{"line":74,"column":null}},"44":{"start":{"line":75,"column":4},"end":{"line":75,"column":null}},"45":{"start":{"line":76,"column":4},"end":{"line":76,"column":null}},"46":{"start":{"line":77,"column":4},"end":{"line":77,"column":null}},"47":{"start":{"line":79,"column":4},"end":{"line":79,"column":null}}},"fnMap":{"0":{"name":"(anonymous_0)","decl":{"start":{"line":10,"column":27},"end":{"line":10,"column":28}},"loc":{"start":{"line":10,"column":99},"end":{"line":17,"column":null}},"line":10},"1":{"name":"(anonymous_1)","decl":{"start":{"line":19,"column":26},"end":{"line":19,"column":74}},"loc":{"start":{"line":19,"column":74},"end":{"line":34,"column":null}},"line":19},"2":{"name":"(anonymous_2)","decl":{"start":{"line":36,"column":31},"end":{"line":36,"column":32}},"loc":{"start":{"line":36,"column":46},"end":{"line":39,"column":null}},"line":36},"3":{"name":"(anonymous_3)","decl":{"start":{"line":41,"column":30},"end":{"line":41,"column":48}},"loc":{"start":{"line":41,"column":48},"end":{"line":50,"column":null}},"line":41},"4":{"name":"(anonymous_4)","decl":{"start":{"line":52,"column":28},"end":{"line":52,"column":34}},"loc":{"start":{"line":52,"column":34},"end":{"line":55,"column":null}},"line":52},"5":{"name":"(anonymous_5)","decl":{"start":{"line":57,"column":32},"end":{"line":57,"column":47}},"loc":{"start":{"line":57,"column":47},"end":{"line":67,"column":null}},"line":57},"6":{"name":"(anonymous_6)","decl":{"start":{"line":69,"column":29},"end":{"line":69,"column":30}},"loc":{"start":{"line":69,"column":73},"end":{"line":81,"column":null}},"line":69}},"branchMap":{"0":{"loc":{"start":{"line":10,"column":59},"end":{"line":10,"column":99}},"type":"default-arg","locations":[{"start":{"line":10,"column":71},"end":{"line":10,"column":99}}],"line":10},"1":{"loc":{"start":{"line":21,"column":2},"end":{"line":21,"column":null}},"type":"if","locations":[{"start":{"line":21,"column":2},"end":{"line":21,"column":null}},{"start":{},"end":{}}],"line":21},"2":{"loc":{"start":{"line":25,"column":4},"end":{"line":29,"column":null}},"type":"if","locations":[{"start":{"line":25,"column":4},"end":{"line":29,"column":null}},{"start":{},"end":{}}],"line":25},"3":{"loc":{"start":{"line":43,"column":2},"end":{"line":43,"column":null}},"type":"if","locations":[{"start":{"line":43,"column":2},"end":{"line":43,"column":null}},{"start":{},"end":{}}],"line":43},"4":{"loc":{"start":{"line":59,"column":2},"end":{"line":59,"column":null}},"type":"if","locations":[{"start":{"line":59,"column":2},"end":{"line":59,"column":null}},{"start":{},"end":{}}],"line":59},"5":{"loc":{"start":{"line":69,"column":30},"end":{"line":69,"column":73}},"type":"default-arg","locations":[{"start":{"line":69,"column":45},"end":{"line":69,"column":73}}],"line":69},"6":{"loc":{"start":{"line":71,"column":2},"end":{"line":71,"column":null}},"type":"if","locations":[{"start":{"line":71,"column":2},"end":{"line":71,"column":null}},{"start":{},"end":{}}],"line":71}},"s":{"0":3,"1":3,"2":3,"3":11,"4":11,"5":3,"6":9,"7":9,"8":2,"9":7,"10":7,"11":7,"12":2,"13":2,"14":2,"15":4,"16":1,"17":3,"18":4,"19":4,"20":3,"21":4,"22":4,"23":2,"24":2,"25":2,"26":0,"27":3,"28":2,"29":2,"30":3,"31":6,"32":6,"33":2,"34":4,"35":4,"36":4,"37":0,"38":3,"39":4,"40":4,"41":2,"42":2,"43":2,"44":2,"45":2,"46":2,"47":0},"f":{"0":11,"1":9,"2":4,"3":4,"4":2,"5":6,"6":4},"b":{"0":[11],"1":[2,7],"2":[2,5],"3":[2,2],"4":[2,4],"5":[4],"6":[2,2]},"meta":{"lastBranch":7,"lastFunction":7,"lastStatement":48,"seen":{"s:1:20:1:Infinity":0,"s:2:25:2:Infinity":1,"s:10:27:17:Infinity":2,"f:10:27:10:28":0,"b:10:71:10:99":0,"s:11:31:15:Infinity":3,"s:16:2:16:Infinity":4,"s:19:26:34:Infinity":5,"f:19:26:19:74":1,"s:20:14:20:Infinity":6,"b:21:2:21:Infinity:undefined:undefined:undefined:undefined":1,"s:21:2:21:Infinity":7,"s:21:12:21:Infinity":8,"s:23:2:33:Infinity":9,"s:24:33:24:Infinity":10,"b:25:4:29:Infinity:undefined:undefined:undefined:undefined":2,"s:25:4:29:Infinity":11,"s:26:6:26:Infinity":12,"s:27:6:27:Infinity":13,"s:28:6:28:Infinity":14,"s:30:4:30:Infinity":15,"s:32:4:32:Infinity":16,"s:36:31:39:Infinity":17,"f:36:31:36:32":2,"s:37:36:37:Infinity":18,"s:38:2:38:Infinity":19,"s:41:30:50:Infinity":20,"f:41:30:41:48":3,"s:42:14:42:Infinity":21,"b:43:2:43:Infinity:undefined:undefined:undefined:undefined":3,"s:43:2:43:Infinity":22,"s:43:12:43:Infinity":23,"s:45:2:49:Infinity":24,"s:46:4:46:Infinity":25,"s:48:4:48:Infinity":26,"s:52:28:55:Infinity":27,"f:52:28:52:34":4,"s:53:2:53:Infinity":28,"s:54:2:54:Infinity":29,"s:57:32:67:Infinity":30,"f:57:32:57:47":5,"s:58:14:58:Infinity":31,"b:59:2:59:Infinity:undefined:undefined:undefined:undefined":4,"s:59:2:59:Infinity":32,"s:59:12:59:Infinity":33,"s:61:2:66:Infinity":34,"s:62:33:62:Infinity":35,"s:63:4:63:Infinity":36,"s:65:4:65:Infinity":37,"s:69:29:81:Infinity":38,"f:69:29:69:30":6,"b:69:45:69:73":5,"s:70:14:70:Infinity":39,"b:71:2:71:Infinity:undefined:undefined:undefined:undefined":6,"s:71:2:71:Infinity":40,"s:71:12:71:Infinity":41,"s:73:2:80:Infinity":42,"s:74:33:74:Infinity":43,"s:75:4:75:Infinity":44,"s:76:4:76:Infinity":45,"s:77:4:77:Infinity":46,"s:79:4:79:Infinity":47}}}
}
